Analysis & Synthesis report for alumod
Thu Oct 13 14:46:00 2022
Quartus Prime Version 20.1.1 Build 720 11/11/2020 SJ Lite Edition


---------------------
; Table of Contents ;
---------------------
  1. Legal Notice
  2. Analysis & Synthesis Summary
  3. Analysis & Synthesis Settings
  4. Parallel Compilation
  5. Analysis & Synthesis Source Files Read
  6. Analysis & Synthesis Resource Usage Summary
  7. Analysis & Synthesis Resource Utilization by Entity
  8. Registers Removed During Synthesis
  9. General Register Statistics
 10. Post-Synthesis Netlist Statistics for Top Partition
 11. Elapsed Time Per Partition
 12. Analysis & Synthesis Messages



----------------
; Legal Notice ;
----------------
Copyright (C) 2020  Intel Corporation. All rights reserved.
Your use of Intel Corporation's design tools, logic functions 
and other software and tools, and any partner logic 
functions, and any output files from any of the foregoing 
(including device programming or simulation files), and any 
associated documentation or information are expressly subject 
to the terms and conditions of the Intel Program License 
Subscription Agreement, the Intel Quartus Prime License Agreement,
the Intel FPGA IP License Agreement, or other applicable license
agreement, including, without limitation, that your use is for
the sole purpose of programming logic devices manufactured by
Intel and sold by Intel or its authorized distributors.  Please
refer to the applicable agreement for further details, at
https://fpgasoftware.intel.com/eula.



+-------------------------------------------------------------------------------+
; Analysis & Synthesis Summary                                                  ;
+---------------------------------+---------------------------------------------+
; Analysis & Synthesis Status     ; Successful - Thu Oct 13 14:46:00 2022       ;
; Quartus Prime Version           ; 20.1.1 Build 720 11/11/2020 SJ Lite Edition ;
; Revision Name                   ; alumod                                      ;
; Top-level Entity Name           ; alumod                                      ;
; Family                          ; Cyclone V                                   ;
; Logic utilization (in ALMs)     ; N/A                                         ;
; Total registers                 ; 1                                           ;
; Total pins                      ; 152                                         ;
; Total virtual pins              ; 0                                           ;
; Total block memory bits         ; 0                                           ;
; Total DSP Blocks                ; 0                                           ;
; Total HSSI RX PCSs              ; 0                                           ;
; Total HSSI PMA RX Deserializers ; 0                                           ;
; Total HSSI TX PCSs              ; 0                                           ;
; Total HSSI PMA TX Serializers   ; 0                                           ;
; Total PLLs                      ; 0                                           ;
; Total DLLs                      ; 0                                           ;
+---------------------------------+---------------------------------------------+


+---------------------------------------------------------------------------------------------------------------------------+
; Analysis & Synthesis Settings                                                                                             ;
+---------------------------------------------------------------------------------+--------------------+--------------------+
; Option                                                                          ; Setting            ; Default Value      ;
+---------------------------------------------------------------------------------+--------------------+--------------------+
; Device                                                                          ; 5CEBA4F23C7        ;                    ;
; Top-level entity name                                                           ; alumod             ; alumod             ;
; Family name                                                                     ; Cyclone V          ; Cyclone V          ;
; Use smart compilation                                                           ; Off                ; Off                ;
; Enable parallel Assembler and Timing Analyzer during compilation                ; On                 ; On                 ;
; Enable compact report table                                                     ; Off                ; Off                ;
; Restructure Multiplexers                                                        ; Auto               ; Auto               ;
; MLAB Add Timing Constraints For Mixed-Port Feed-Through Mode Setting Don't Care ; Off                ; Off                ;
; Create Debugging Nodes for IP Cores                                             ; Off                ; Off                ;
; Preserve fewer node names                                                       ; On                 ; On                 ;
; Intel FPGA IP Evaluation Mode                                                   ; Enable             ; Enable             ;
; Verilog Version                                                                 ; Verilog_2001       ; Verilog_2001       ;
; VHDL Version                                                                    ; VHDL_1993          ; VHDL_1993          ;
; State Machine Processing                                                        ; Auto               ; Auto               ;
; Safe State Machine                                                              ; Off                ; Off                ;
; Extract Verilog State Machines                                                  ; On                 ; On                 ;
; Extract VHDL State Machines                                                     ; On                 ; On                 ;
; Ignore Verilog initial constructs                                               ; Off                ; Off                ;
; Iteration limit for constant Verilog loops                                      ; 5000               ; 5000               ;
; Iteration limit for non-constant Verilog loops                                  ; 250                ; 250                ;
; Add Pass-Through Logic to Inferred RAMs                                         ; On                 ; On                 ;
; Infer RAMs from Raw Logic                                                       ; On                 ; On                 ;
; Parallel Synthesis                                                              ; On                 ; On                 ;
; DSP Block Balancing                                                             ; Auto               ; Auto               ;
; NOT Gate Push-Back                                                              ; On                 ; On                 ;
; Power-Up Don't Care                                                             ; On                 ; On                 ;
; Remove Redundant Logic Cells                                                    ; Off                ; Off                ;
; Remove Duplicate Registers                                                      ; On                 ; On                 ;
; Ignore CARRY Buffers                                                            ; Off                ; Off                ;
; Ignore CASCADE Buffers                                                          ; Off                ; Off                ;
; Ignore GLOBAL Buffers                                                           ; Off                ; Off                ;
; Ignore ROW GLOBAL Buffers                                                       ; Off                ; Off                ;
; Ignore LCELL Buffers                                                            ; Off                ; Off                ;
; Ignore SOFT Buffers                                                             ; On                 ; On                 ;
; Limit AHDL Integers to 32 Bits                                                  ; Off                ; Off                ;
; Optimization Technique                                                          ; Balanced           ; Balanced           ;
; Carry Chain Length                                                              ; 70                 ; 70                 ;
; Auto Carry Chains                                                               ; On                 ; On                 ;
; Auto Open-Drain Pins                                                            ; On                 ; On                 ;
; Perform WYSIWYG Primitive Resynthesis                                           ; Off                ; Off                ;
; Auto ROM Replacement                                                            ; On                 ; On                 ;
; Auto RAM Replacement                                                            ; On                 ; On                 ;
; Auto DSP Block Replacement                                                      ; On                 ; On                 ;
; Auto Shift Register Replacement                                                 ; Auto               ; Auto               ;
; Allow Shift Register Merging across Hierarchies                                 ; Auto               ; Auto               ;
; Auto Clock Enable Replacement                                                   ; On                 ; On                 ;
; Strict RAM Replacement                                                          ; Off                ; Off                ;
; Allow Synchronous Control Signals                                               ; On                 ; On                 ;
; Force Use of Synchronous Clear Signals                                          ; Off                ; Off                ;
; Auto Resource Sharing                                                           ; Off                ; Off                ;
; Allow Any RAM Size For Recognition                                              ; Off                ; Off                ;
; Allow Any ROM Size For Recognition                                              ; Off                ; Off                ;
; Allow Any Shift Register Size For Recognition                                   ; Off                ; Off                ;
; Use LogicLock Constraints during Resource Balancing                             ; On                 ; On                 ;
; Ignore translate_off and synthesis_off directives                               ; Off                ; Off                ;
; Timing-Driven Synthesis                                                         ; On                 ; On                 ;
; Report Parameter Settings                                                       ; On                 ; On                 ;
; Report Source Assignments                                                       ; On                 ; On                 ;
; Report Connectivity Checks                                                      ; On                 ; On                 ;
; Ignore Maximum Fan-Out Assignments                                              ; Off                ; Off                ;
; Synchronization Register Chain Length                                           ; 3                  ; 3                  ;
; Power Optimization During Synthesis                                             ; Normal compilation ; Normal compilation ;
; HDL message level                                                               ; Level2             ; Level2             ;
; Suppress Register Optimization Related Messages                                 ; Off                ; Off                ;
; Number of Removed Registers Reported in Synthesis Report                        ; 5000               ; 5000               ;
; Number of Swept Nodes Reported in Synthesis Report                              ; 5000               ; 5000               ;
; Number of Inverted Registers Reported in Synthesis Report                       ; 100                ; 100                ;
; Clock MUX Protection                                                            ; On                 ; On                 ;
; Auto Gated Clock Conversion                                                     ; Off                ; Off                ;
; Block Design Naming                                                             ; Auto               ; Auto               ;
; SDC constraint protection                                                       ; Off                ; Off                ;
; Synthesis Effort                                                                ; Auto               ; Auto               ;
; Shift Register Replacement - Allow Asynchronous Clear Signal                    ; On                 ; On                 ;
; Pre-Mapping Resynthesis Optimization                                            ; Off                ; Off                ;
; Analysis & Synthesis Message Level                                              ; Medium             ; Medium             ;
; Disable Register Merging Across Hierarchies                                     ; Auto               ; Auto               ;
; Resource Aware Inference For Block RAM                                          ; On                 ; On                 ;
; Automatic Parallel Synthesis                                                    ; On                 ; On                 ;
; Partial Reconfiguration Bitstream ID                                            ; Off                ; Off                ;
+---------------------------------------------------------------------------------+--------------------+--------------------+


+------------------------------------------+
; Parallel Compilation                     ;
+----------------------------+-------------+
; Processors                 ; Number      ;
+----------------------------+-------------+
; Number detected on machine ; 8           ;
; Maximum allowed            ; 4           ;
;                            ;             ;
; Average used               ; 1.00        ;
; Maximum used               ; 1           ;
;                            ;             ;
; Usage by Processor         ; % Time Used ;
;     Processor 1            ; 100.0%      ;
+----------------------------+-------------+


+----------------------------------------------------------------------------------------------------------------------------------------------------------------------------------------------------------+
; Analysis & Synthesis Source Files Read                                                                                                                                                                   ;
+----------------------------------+-----------------+------------------------------------------+------------------------------------------------------------------------------------------------+---------+
; File Name with User-Entered Path ; Used in Netlist ; File Type                                ; File Name with Absolute Path                                                                   ; Library ;
+----------------------------------+-----------------+------------------------------------------+------------------------------------------------------------------------------------------------+---------+
; alumod.bdf                       ; yes             ; User Block Diagram/Schematic File        ; C:/Users/dudkr/Desktop/16 bit computer/A- current/Fpga implementation/16_bit/alumod.bdf        ;         ;
; adder16.bdf                      ; yes             ; Auto-Found Block Diagram/Schematic File  ; C:/Users/dudkr/Desktop/16 bit computer/A- current/Fpga implementation/16_bit/adder16.bdf       ;         ;
; adder.bdf                        ; yes             ; Auto-Found Block Diagram/Schematic File  ; C:/Users/dudkr/Desktop/16 bit computer/A- current/Fpga implementation/16_bit/adder.bdf         ;         ;
; bus_split.vhd                    ; yes             ; Auto-Found VHDL File                     ; C:/Users/dudkr/Desktop/16 bit computer/A- current/Fpga implementation/16_bit/bus_split.vhd     ;         ;
; mega_nor.vhd                     ; yes             ; Auto-Found VHDL File                     ; C:/Users/dudkr/Desktop/16 bit computer/A- current/Fpga implementation/16_bit/mega_nor.vhd      ;         ;
; alu_logic.vhd                    ; yes             ; Auto-Found VHDL File                     ; C:/Users/dudkr/Desktop/16 bit computer/A- current/Fpga implementation/16_bit/alu_logic.vhd     ;         ;
; eightbitff.bdf                   ; yes             ; Auto-Found Block Diagram/Schematic File  ; C:/Users/dudkr/Desktop/16 bit computer/A- current/Fpga implementation/16_bit/eightbitff.bdf    ;         ;
; bus_split_out.vhd                ; yes             ; Auto-Found VHDL File                     ; C:/Users/dudkr/Desktop/16 bit computer/A- current/Fpga implementation/16_bit/bus_split_out.vhd ;         ;
+----------------------------------+-----------------+------------------------------------------+------------------------------------------------------------------------------------------------+---------+


+---------------------------------------------------------+
; Analysis & Synthesis Resource Usage Summary             ;
+---------------------------------------------+-----------+
; Resource                                    ; Usage     ;
+---------------------------------------------+-----------+
; Estimate of Logic utilization (ALMs needed) ; 39        ;
;                                             ;           ;
; Combinational ALUT usage for logic          ; 64        ;
;     -- 7 input functions                    ; 0         ;
;     -- 6 input functions                    ; 14        ;
;     -- 5 input functions                    ; 22        ;
;     -- 4 input functions                    ; 3         ;
;     -- <=3 input functions                  ; 25        ;
;                                             ;           ;
; Dedicated logic registers                   ; 1         ;
;                                             ;           ;
; I/O pins                                    ; 152       ;
;                                             ;           ;
; Total DSP Blocks                            ; 0         ;
;                                             ;           ;
; Maximum fan-out node                        ; sub~input ;
; Maximum fan-out                             ; 20        ;
; Total fan-out                               ; 453       ;
; Average fan-out                             ; 1.23      ;
+---------------------------------------------+-----------+


+-------------------------------------------------------------------------------------------------------------------------------------------------------------------------------------------------------+
; Analysis & Synthesis Resource Utilization by Entity                                                                                                                                                   ;
+----------------------------+---------------------+---------------------------+-------------------+------------+------+--------------+------------------------------------+-------------+--------------+
; Compilation Hierarchy Node ; Combinational ALUTs ; Dedicated Logic Registers ; Block Memory Bits ; DSP Blocks ; Pins ; Virtual Pins ; Full Hierarchy Name                ; Entity Name ; Library Name ;
+----------------------------+---------------------+---------------------------+-------------------+------------+------+--------------+------------------------------------+-------------+--------------+
; |alumod                    ; 64 (0)              ; 1 (0)                     ; 0                 ; 0          ; 152  ; 0            ; |alumod                            ; alumod      ; work         ;
;    |adder16:inst5|         ; 43 (12)             ; 0 (0)                     ; 0                 ; 0          ; 0    ; 0            ; |alumod|adder16:inst5              ; adder16     ; work         ;
;       |adder:inst13|       ; 5 (5)               ; 0 (0)                     ; 0                 ; 0          ; 0    ; 0            ; |alumod|adder16:inst5|adder:inst13 ; adder       ; work         ;
;       |adder:inst15|       ; 5 (5)               ; 0 (0)                     ; 0                 ; 0          ; 0    ; 0            ; |alumod|adder16:inst5|adder:inst15 ; adder       ; work         ;
;       |adder:inst16|       ; 1 (1)               ; 0 (0)                     ; 0                 ; 0          ; 0    ; 0            ; |alumod|adder16:inst5|adder:inst16 ; adder       ; work         ;
;       |adder:inst17|       ; 2 (2)               ; 0 (0)                     ; 0                 ; 0          ; 0    ; 0            ; |alumod|adder16:inst5|adder:inst17 ; adder       ; work         ;
;       |adder:inst20|       ; 1 (1)               ; 0 (0)                     ; 0                 ; 0          ; 0    ; 0            ; |alumod|adder16:inst5|adder:inst20 ; adder       ; work         ;
;       |adder:inst23|       ; 1 (1)               ; 0 (0)                     ; 0                 ; 0          ; 0    ; 0            ; |alumod|adder16:inst5|adder:inst23 ; adder       ; work         ;
;       |adder:inst24|       ; 2 (2)               ; 0 (0)                     ; 0                 ; 0          ; 0    ; 0            ; |alumod|adder16:inst5|adder:inst24 ; adder       ; work         ;
;       |adder:inst25|       ; 2 (2)               ; 0 (0)                     ; 0                 ; 0          ; 0    ; 0            ; |alumod|adder16:inst5|adder:inst25 ; adder       ; work         ;
;       |adder:inst26|       ; 3 (3)               ; 0 (0)                     ; 0                 ; 0          ; 0    ; 0            ; |alumod|adder16:inst5|adder:inst26 ; adder       ; work         ;
;       |adder:inst2|        ; 2 (2)               ; 0 (0)                     ; 0                 ; 0          ; 0    ; 0            ; |alumod|adder16:inst5|adder:inst2  ; adder       ; work         ;
;       |adder:inst3|        ; 1 (1)               ; 0 (0)                     ; 0                 ; 0          ; 0    ; 0            ; |alumod|adder16:inst5|adder:inst3  ; adder       ; work         ;
;       |adder:inst4|        ; 1 (1)               ; 0 (0)                     ; 0                 ; 0          ; 0    ; 0            ; |alumod|adder16:inst5|adder:inst4  ; adder       ; work         ;
;       |adder:inst7|        ; 1 (1)               ; 0 (0)                     ; 0                 ; 0          ; 0    ; 0            ; |alumod|adder16:inst5|adder:inst7  ; adder       ; work         ;
;       |adder:inst8|        ; 2 (2)               ; 0 (0)                     ; 0                 ; 0          ; 0    ; 0            ; |alumod|adder16:inst5|adder:inst8  ; adder       ; work         ;
;       |adder:inst9|        ; 1 (1)               ; 0 (0)                     ; 0                 ; 0          ; 0    ; 0            ; |alumod|adder16:inst5|adder:inst9  ; adder       ; work         ;
;       |adder:inst|         ; 1 (1)               ; 0 (0)                     ; 0                 ; 0          ; 0    ; 0            ; |alumod|adder16:inst5|adder:inst   ; adder       ; work         ;
;    |alu_logic:inst|        ; 16 (16)             ; 0 (0)                     ; 0                 ; 0          ; 0    ; 0            ; |alumod|alu_logic:inst             ; alu_logic   ; work         ;
;    |eightbitff:inst1|      ; 0 (0)               ; 1 (1)                     ; 0                 ; 0          ; 0    ; 0            ; |alumod|eightbitff:inst1           ; eightbitff  ; work         ;
;    |mega_nor:inst2|        ; 5 (5)               ; 0 (0)                     ; 0                 ; 0          ; 0    ; 0            ; |alumod|mega_nor:inst2             ; mega_nor    ; work         ;
+----------------------------+---------------------+---------------------------+-------------------+------------+------+--------------+------------------------------------+-------------+--------------+
Note: For table entries with two numbers listed, the numbers in parentheses indicate the number of resources of the given type used by the specific entity alone. The numbers listed outside of parentheses indicate the total resources of the given type used by the specific entity and all of its sub-entities in the hierarchy.


+--------------------------------------------------------------------------------+
; Registers Removed During Synthesis                                             ;
+---------------------------------------+----------------------------------------+
; Register name                         ; Reason for Removal                     ;
+---------------------------------------+----------------------------------------+
; eightbitff:inst1|pxe                  ; Stuck at GND due to stuck port data_in ;
; eightbitff:inst1|pxf                  ; Stuck at GND due to stuck port data_in ;
; eightbitff:inst1|pxg                  ; Stuck at GND due to stuck port data_in ;
; eightbitff:inst1|pxh                  ; Stuck at GND due to stuck port data_in ;
; eightbitff:inst1|pxi                  ; Stuck at GND due to stuck port data_in ;
; eightbitff:inst1|pxj                  ; Stuck at GND due to stuck port data_in ;
; eightbitff:inst1|phk                  ; Stuck at GND due to stuck port data_in ;
; Total Number of Removed Registers = 7 ;                                        ;
+---------------------------------------+----------------------------------------+


+------------------------------------------------------+
; General Register Statistics                          ;
+----------------------------------------------+-------+
; Statistic                                    ; Value ;
+----------------------------------------------+-------+
; Total registers                              ; 1     ;
; Number of registers using Synchronous Clear  ; 0     ;
; Number of registers using Synchronous Load   ; 0     ;
; Number of registers using Asynchronous Clear ; 0     ;
; Number of registers using Asynchronous Load  ; 0     ;
; Number of registers using Clock Enable       ; 0     ;
; Number of registers using Preset             ; 0     ;
+----------------------------------------------+-------+


+-----------------------------------------------------+
; Post-Synthesis Netlist Statistics for Top Partition ;
+-----------------------+-----------------------------+
; Type                  ; Count                       ;
+-----------------------+-----------------------------+
; arriav_ff             ; 1                           ;
;     plain             ; 1                           ;
; arriav_lcell_comb     ; 66                          ;
;     normal            ; 66                          ;
;         0 data inputs ; 1                           ;
;         1 data inputs ; 1                           ;
;         2 data inputs ; 17                          ;
;         3 data inputs ; 8                           ;
;         4 data inputs ; 3                           ;
;         5 data inputs ; 22                          ;
;         6 data inputs ; 14                          ;
; boundary_port         ; 152                         ;
;                       ;                             ;
; Max LUT depth         ; 8.00                        ;
; Average LUT depth     ; 3.73                        ;
+-----------------------+-----------------------------+


+-------------------------------+
; Elapsed Time Per Partition    ;
+----------------+--------------+
; Partition Name ; Elapsed Time ;
+----------------+--------------+
; Top            ; 00:00:00     ;
+----------------+--------------+


+-------------------------------+
; Analysis & Synthesis Messages ;
+-------------------------------+
Info: *******************************************************************
Info: Running Quartus Prime Analysis & Synthesis
    Info: Version 20.1.1 Build 720 11/11/2020 SJ Lite Edition
    Info: Processing started: Thu Oct 13 14:45:53 2022
Info: Command: quartus_map --read_settings_files=on --write_settings_files=off alumod -c alumod
Warning (18236): Number of processors has not been specified which may cause overloading on shared machines.  Set the global assignment NUM_PARALLEL_PROCESSORS in your QSF to an appropriate value for best performance.
Info (20030): Parallel compilation is enabled and will use 4 of the 4 processors detected
Info (12021): Found 1 design units, including 1 entities, in source file alumod.bdf
    Info (12023): Found entity 1: alumod
Info (12127): Elaborating entity "alumod" for the top level hierarchy
Warning (275043): Pin "generalc" is missing source
Warning (275043): Pin "generald" is missing source
Warning (275009): Pin "generalb" not connected
Warning (275009): Pin "generala" not connected
Warning (275009): Pin "flag_reg_input" not connected
Warning (12125): Using design file adder16.bdf, which is not specified as a design file for the current project, but contains definitions for 1 design units and 1 entities in project
    Info (12023): Found entity 1: adder16
Info (12128): Elaborating entity "adder16" for hierarchy "adder16:inst5"
Warning (12125): Using design file adder.bdf, which is not specified as a design file for the current project, but contains definitions for 1 design units and 1 entities in project
    Info (12023): Found entity 1: adder
Info (12128): Elaborating entity "adder" for hierarchy "adder16:inst5|adder:inst26"
Warning (275004): Undeclared parameter CONSTANT_VALUE
Warning (275006): Can't find a definition for parameter ci+1 -- assuming CONSTANT_VALUE was intended to be a quoted string
Warning (275008): Primitive "NOT" of instance "inst12" not used
Warning (275008): Primitive "NOT" of instance "inst13" not used
Warning (275008): Primitive "NOT" of instance "inst14" not used
Warning (12125): Using design file bus_split.vhd, which is not specified as a design file for the current project, but contains definitions for 2 design units and 1 entities in project
    Info (12022): Found design unit 1: bus_split-LogicFunc File: C:/Users/dudkr/Desktop/16 bit computer/A- current/Fpga implementation/16_bit/bus_split.vhd Line: 31
    Info (12023): Found entity 1: bus_split File: C:/Users/dudkr/Desktop/16 bit computer/A- current/Fpga implementation/16_bit/bus_split.vhd Line: 7
Info (12128): Elaborating entity "bus_split" for hierarchy "bus_split:inst3"
Warning (12125): Using design file mega_nor.vhd, which is not specified as a design file for the current project, but contains definitions for 2 design units and 1 entities in project
    Info (12022): Found design unit 1: mega_nor-Behavioral File: C:/Users/dudkr/Desktop/16 bit computer/A- current/Fpga implementation/16_bit/mega_nor.vhd Line: 38
    Info (12023): Found entity 1: mega_nor File: C:/Users/dudkr/Desktop/16 bit computer/A- current/Fpga implementation/16_bit/mega_nor.vhd Line: 11
Info (12128): Elaborating entity "mega_nor" for hierarchy "mega_nor:inst2"
Warning (10034): Output port "af[14..8]" at mega_nor.vhd(16) has no driver File: C:/Users/dudkr/Desktop/16 bit computer/A- current/Fpga implementation/16_bit/mega_nor.vhd Line: 16
Warning (12125): Using design file alu_logic.vhd, which is not specified as a design file for the current project, but contains definitions for 2 design units and 1 entities in project
    Info (12022): Found design unit 1: alu_logic-LogicFunc File: C:/Users/dudkr/Desktop/16 bit computer/A- current/Fpga implementation/16_bit/alu_logic.vhd Line: 44
    Info (12023): Found entity 1: alu_logic File: C:/Users/dudkr/Desktop/16 bit computer/A- current/Fpga implementation/16_bit/alu_logic.vhd Line: 4
Info (12128): Elaborating entity "alu_logic" for hierarchy "alu_logic:inst"
Warning (12125): Using design file eightbitff.bdf, which is not specified as a design file for the current project, but contains definitions for 1 design units and 1 entities in project
    Info (12023): Found entity 1: eightbitff
Info (12128): Elaborating entity "eightbitff" for hierarchy "eightbitff:inst1"
Warning (12125): Using design file bus_split_out.vhd, which is not specified as a design file for the current project, but contains definitions for 2 design units and 1 entities in project
    Info (12022): Found design unit 1: bus_split_out-LogicFunc File: C:/Users/dudkr/Desktop/16 bit computer/A- current/Fpga implementation/16_bit/bus_split_out.vhd Line: 31
    Info (12023): Found entity 1: bus_split_out File: C:/Users/dudkr/Desktop/16 bit computer/A- current/Fpga implementation/16_bit/bus_split_out.vhd Line: 7
Info (12128): Elaborating entity "bus_split_out" for hierarchy "eightbitff:inst1|bus_split_out:phm"
Warning (13024): Output pins are stuck at VCC or GND
    Warning (13410): Pin "generalc" is stuck at GND
    Warning (13410): Pin "generald" is stuck at GND
    Warning (13410): Pin "flag_reg_out[15]" is stuck at GND
    Warning (13410): Pin "flag_reg_out[14]" is stuck at GND
    Warning (13410): Pin "flag_reg_out[13]" is stuck at GND
    Warning (13410): Pin "flag_reg_out[12]" is stuck at GND
    Warning (13410): Pin "flag_reg_out[11]" is stuck at GND
    Warning (13410): Pin "flag_reg_out[10]" is stuck at GND
    Warning (13410): Pin "flag_reg_out[9]" is stuck at GND
    Warning (13410): Pin "flag_reg_out[8]" is stuck at GND
    Warning (13410): Pin "flag_reg_out[7]" is stuck at GND
    Warning (13410): Pin "flag_reg_out[6]" is stuck at GND
    Warning (13410): Pin "flag_reg_out[5]" is stuck at GND
    Warning (13410): Pin "flag_reg_out[4]" is stuck at GND
    Warning (13410): Pin "flag_reg_out[3]" is stuck at GND
    Warning (13410): Pin "flag_reg_out[2]" is stuck at GND
    Warning (13410): Pin "flag_reg_out[1]" is stuck at GND
Info (286030): Timing-Driven Synthesis is running
Info (16010): Generating hard_block partition "hard_block:auto_generated_inst"
    Info (16011): Adding 0 node(s), including 0 DDIO, 0 PLL, 0 transceiver and 0 LCELL
Warning (21074): Design contains 18 input pin(s) that do not drive logic
    Warning (15610): No output dependent on input pin "generalb"
    Warning (15610): No output dependent on input pin "generala"
    Warning (15610): No output dependent on input pin "flag_reg_input[15]"
    Warning (15610): No output dependent on input pin "flag_reg_input[14]"
    Warning (15610): No output dependent on input pin "flag_reg_input[13]"
    Warning (15610): No output dependent on input pin "flag_reg_input[12]"
    Warning (15610): No output dependent on input pin "flag_reg_input[11]"
    Warning (15610): No output dependent on input pin "flag_reg_input[10]"
    Warning (15610): No output dependent on input pin "flag_reg_input[9]"
    Warning (15610): No output dependent on input pin "flag_reg_input[8]"
    Warning (15610): No output dependent on input pin "flag_reg_input[7]"
    Warning (15610): No output dependent on input pin "flag_reg_input[6]"
    Warning (15610): No output dependent on input pin "flag_reg_input[5]"
    Warning (15610): No output dependent on input pin "flag_reg_input[4]"
    Warning (15610): No output dependent on input pin "flag_reg_input[3]"
    Warning (15610): No output dependent on input pin "flag_reg_input[2]"
    Warning (15610): No output dependent on input pin "flag_reg_input[1]"
    Warning (15610): No output dependent on input pin "flag_reg_input[0]"
Info (21057): Implemented 217 device resources after synthesis - the final resource count might be different
    Info (21058): Implemented 100 input pins
    Info (21059): Implemented 52 output pins
    Info (21061): Implemented 65 logic cells
Info: Quartus Prime Analysis & Synthesis was successful. 0 errors, 56 warnings
    Info: Peak virtual memory: 4850 megabytes
    Info: Processing ended: Thu Oct 13 14:46:00 2022
    Info: Elapsed time: 00:00:07
    Info: Total CPU time (on all processors): 00:00:16


