Flow report for clockmod2
Mon Oct 17 14:39:28 2022
Quartus Prime Version 20.1.1 Build 720 11/11/2020 SJ Lite Edition


---------------------
; Table of Contents ;
---------------------
  1. Legal Notice
  2. Flow Summary
  3. Flow Settings
  4. Flow Non-Default Global Settings
  5. Flow Elapsed Time
  6. Flow OS Summary
  7. Flow Log
  8. Flow Messages
  9. Flow Suppressed Messages



----------------
; Legal Notice ;
----------------
Copyright (C) 2020  Intel Corporation. All rights reserved.
Your use of Intel Corporation's design tools, logic functions 
and other software and tools, and any partner logic 
functions, and any output files from any of the foregoing 
(including device programming or simulation files), and any 
associated documentation or information are expressly subject 
to the terms and conditions of the Intel Program License 
Subscription Agreement, the Intel Quartus Prime License Agreement,
the Intel FPGA IP License Agreement, or other applicable license
agreement, including, without limitation, that your use is for
the sole purpose of programming logic devices manufactured by
Intel and sold by Intel or its authorized distributors.  Please
refer to the applicable agreement for further details, at
https://fpgasoftware.intel.com/eula.



+-------------------------------------------------------------------------------+
; Flow Summary                                                                  ;
+---------------------------------+---------------------------------------------+
; Flow Status                     ; Successful - Mon Oct 17 14:39:28 2022       ;
; Quartus Prime Version           ; 20.1.1 Build 720 11/11/2020 SJ Lite Edition ;
; Revision Name                   ; clockmod2                                   ;
; Top-level Entity Name           ; clockmod2                                   ;
; Family                          ; Cyclone V                                   ;
; Device                          ; 5CEBA4F23C7                                 ;
; Timing Models                   ; Final                                       ;
; Logic utilization (in ALMs)     ; 30 / 18,480 ( < 1 % )                       ;
; Total registers                 ; 33                                          ;
; Total pins                      ; 56 / 224 ( 25 % )                           ;
; Total virtual pins              ; 0                                           ;
; Total block memory bits         ; 0 / 3,153,920 ( 0 % )                       ;
; Total DSP Blocks                ; 0 / 66 ( 0 % )                              ;
; Total HSSI RX PCSs              ; 0                                           ;
; Total HSSI PMA RX Deserializers ; 0                                           ;
; Total HSSI TX PCSs              ; 0                                           ;
; Total HSSI PMA TX Serializers   ; 0                                           ;
; Total PLLs                      ; 0 / 4 ( 0 % )                               ;
; Total DLLs                      ; 0 / 4 ( 0 % )                               ;
+---------------------------------+---------------------------------------------+


+-----------------------------------------+
; Flow Settings                           ;
+-------------------+---------------------+
; Option            ; Setting             ;
+-------------------+---------------------+
; Start date & time ; 10/17/2022 14:20:42 ;
; Main task         ; Compilation         ;
; Revision Name     ; clockmod2           ;
+-------------------+---------------------+


+-------------------------------------------------------------------------------------------------------------------------+
; Flow Non-Default Global Settings                                                                                        ;
+-------------------------------------+----------------------------------------+---------------+-------------+------------+
; Assignment Name                     ; Value                                  ; Default Value ; Entity Name ; Section Id ;
+-------------------------------------+----------------------------------------+---------------+-------------+------------+
; COMPILER_SIGNATURE_ID               ; 224391393303535.166603804207164        ; --            ; --          ; --         ;
; MAX_CORE_JUNCTION_TEMP              ; 85                                     ; --            ; --          ; --         ;
; MIN_CORE_JUNCTION_TEMP              ; 0                                      ; --            ; --          ; --         ;
; PARTITION_COLOR                     ; -- (Not supported for targeted family) ; --            ; --          ; Top        ;
; PARTITION_FITTER_PRESERVATION_LEVEL ; -- (Not supported for targeted family) ; --            ; --          ; Top        ;
; PARTITION_NETLIST_TYPE              ; -- (Not supported for targeted family) ; --            ; --          ; Top        ;
; PROJECT_OUTPUT_DIRECTORY            ; output_files                           ; --            ; --          ; --         ;
+-------------------------------------+----------------------------------------+---------------+-------------+------------+


+--------------------------------------------------------------------------------------------------------------------------+
; Flow Elapsed Time                                                                                                        ;
+----------------------+--------------+-------------------------+---------------------+------------------------------------+
; Module Name          ; Elapsed Time ; Average Processors Used ; Peak Virtual Memory ; Total CPU Time (on all processors) ;
+----------------------+--------------+-------------------------+---------------------+------------------------------------+
; Analysis & Synthesis ; 00:00:09     ; 1.0                     ; 4851 MB             ; 00:00:21                           ;
; Fitter               ; 00:00:17     ; 1.0                     ; 6218 MB             ; 00:00:28                           ;
; Assembler            ; 00:00:04     ; 1.0                     ; 4821 MB             ; 00:00:03                           ;
; Timing Analyzer      ; 00:00:04     ; 1.1                     ; 5046 MB             ; 00:00:05                           ;
; EDA Netlist Writer   ; 00:00:01     ; 1.0                     ; 4710 MB             ; 00:00:01                           ;
; EDA Netlist Writer   ; 00:00:01     ; 1.0                     ; 4719 MB             ; 00:00:01                           ;
; EDA Netlist Writer   ; 00:00:01     ; 1.0                     ; 4710 MB             ; 00:00:01                           ;
; EDA Netlist Writer   ; 00:00:01     ; 1.0                     ; 4719 MB             ; 00:00:01                           ;
; EDA Netlist Writer   ; 00:00:01     ; 1.0                     ; 4710 MB             ; 00:00:01                           ;
; EDA Netlist Writer   ; 00:00:01     ; 1.0                     ; 4719 MB             ; 00:00:01                           ;
; Total                ; 00:00:40     ; --                      ; --                  ; 00:01:03                           ;
+----------------------+--------------+-------------------------+---------------------+------------------------------------+


+------------------------------------------------------------------------------------+
; Flow OS Summary                                                                    ;
+----------------------+------------------+------------+------------+----------------+
; Module Name          ; Machine Hostname ; OS Name    ; OS Version ; Processor type ;
+----------------------+------------------+------------+------------+----------------+
; Analysis & Synthesis ; Nak              ; Windows 10 ; 10.0       ; x86_64         ;
; Fitter               ; Nak              ; Windows 10 ; 10.0       ; x86_64         ;
; Assembler            ; Nak              ; Windows 10 ; 10.0       ; x86_64         ;
; Timing Analyzer      ; Nak              ; Windows 10 ; 10.0       ; x86_64         ;
; EDA Netlist Writer   ; Nak              ; Windows 10 ; 10.0       ; x86_64         ;
; EDA Netlist Writer   ; Nak              ; Windows 10 ; 10.0       ; x86_64         ;
; EDA Netlist Writer   ; Nak              ; Windows 10 ; 10.0       ; x86_64         ;
; EDA Netlist Writer   ; Nak              ; Windows 10 ; 10.0       ; x86_64         ;
; EDA Netlist Writer   ; Nak              ; Windows 10 ; 10.0       ; x86_64         ;
; EDA Netlist Writer   ; Nak              ; Windows 10 ; 10.0       ; x86_64         ;
+----------------------+------------------+------------+------------+----------------+


------------
; Flow Log ;
------------
quartus_map --read_settings_files=on --write_settings_files=off clockmod2 -c clockmod2
quartus_fit --read_settings_files=off --write_settings_files=off clockmod2 -c clockmod2
quartus_asm --read_settings_files=off --write_settings_files=off clockmod2 -c clockmod2
quartus_sta clockmod2 -c clockmod2
quartus_eda --gen_testbench --tool=modelsim_oem --format=verilog --write_settings_files=off clockmod2 -c clockmod2 --vector_source="C:/Users/dudkr/Desktop/16 bit computer/A- current/Fpga implementation/16_bit/Waveform18.vwf" --testbench_file="C:/Users/dudkr/Desktop/16 bit computer/A- current/Fpga implementation/16_bit/simulation/qsim/Waveform18.vwf.vt"
quartus_eda --write_settings_files=off --simulation=on --functional=on --flatten_buses=off --tool=modelsim_oem --format=verilog --output_directory="C:/Users/dudkr/Desktop/16 bit computer/A- current/Fpga implementation/16_bit/simulation/qsim/" clockmod2 -c clockmod2
quartus_eda --gen_testbench --tool=modelsim_oem --format=verilog --write_settings_files=off clockmod2 -c clockmod2 --vector_source="C:/Users/dudkr/Desktop/16 bit computer/A- current/Fpga implementation/16_bit/Waveform18.vwf" --testbench_file="C:/Users/dudkr/Desktop/16 bit computer/A- current/Fpga implementation/16_bit/simulation/qsim/Waveform18.vwf.vt"
quartus_eda --write_settings_files=off --simulation=on --functional=on --flatten_buses=off --tool=modelsim_oem --format=verilog --output_directory="C:/Users/dudkr/Desktop/16 bit computer/A- current/Fpga implementation/16_bit/simulation/qsim/" clockmod2 -c clockmod2
quartus_eda --gen_testbench --tool=modelsim_oem --format=verilog --write_settings_files=off clockmod2 -c clockmod2 --vector_source="C:/Users/dudkr/Desktop/16 bit computer/A- current/Fpga implementation/16_bit/Waveform18.vwf" --testbench_file="C:/Users/dudkr/Desktop/16 bit computer/A- current/Fpga implementation/16_bit/simulation/qsim/Waveform18.vwf.vt"
quartus_eda --write_settings_files=off --simulation=on --functional=on --flatten_buses=off --tool=modelsim_oem --format=verilog --output_directory="C:/Users/dudkr/Desktop/16 bit computer/A- current/Fpga implementation/16_bit/simulation/qsim/" clockmod2 -c clockmod2



