Analysis & Synthesis report for in_mod
Mon Oct 10 14:00:57 2022
Quartus Prime Version 20.1.1 Build 720 11/11/2020 SJ Lite Edition


---------------------
; Table of Contents ;
---------------------
  1. Legal Notice
  2. Analysis & Synthesis Summary
  3. Analysis & Synthesis Settings
  4. Parallel Compilation
  5. Analysis & Synthesis Source Files Read
  6. Analysis & Synthesis Resource Usage Summary
  7. Analysis & Synthesis Resource Utilization by Entity
  8. General Register Statistics
  9. Post-Synthesis Netlist Statistics for Top Partition
 10. Elapsed Time Per Partition
 11. Analysis & Synthesis Messages



----------------
; Legal Notice ;
----------------
Copyright (C) 2020  Intel Corporation. All rights reserved.
Your use of Intel Corporation's design tools, logic functions 
and other software and tools, and any partner logic 
functions, and any output files from any of the foregoing 
(including device programming or simulation files), and any 
associated documentation or information are expressly subject 
to the terms and conditions of the Intel Program License 
Subscription Agreement, the Intel Quartus Prime License Agreement,
the Intel FPGA IP License Agreement, or other applicable license
agreement, including, without limitation, that your use is for
the sole purpose of programming logic devices manufactured by
Intel and sold by Intel or its authorized distributors.  Please
refer to the applicable agreement for further details, at
https://fpgasoftware.intel.com/eula.



+-------------------------------------------------------------------------------+
; Analysis & Synthesis Summary                                                  ;
+---------------------------------+---------------------------------------------+
; Analysis & Synthesis Status     ; Successful - Mon Oct 10 14:00:57 2022       ;
; Quartus Prime Version           ; 20.1.1 Build 720 11/11/2020 SJ Lite Edition ;
; Revision Name                   ; in_mod                                      ;
; Top-level Entity Name           ; in_mod                                      ;
; Family                          ; Cyclone V                                   ;
; Logic utilization (in ALMs)     ; N/A                                         ;
; Total registers                 ; 26                                          ;
; Total pins                      ; 62                                          ;
; Total virtual pins              ; 0                                           ;
; Total block memory bits         ; 0                                           ;
; Total DSP Blocks                ; 0                                           ;
; Total HSSI RX PCSs              ; 0                                           ;
; Total HSSI PMA RX Deserializers ; 0                                           ;
; Total HSSI TX PCSs              ; 0                                           ;
; Total HSSI PMA TX Serializers   ; 0                                           ;
; Total PLLs                      ; 0                                           ;
; Total DLLs                      ; 0                                           ;
+---------------------------------+---------------------------------------------+


+---------------------------------------------------------------------------------------------------------------------------+
; Analysis & Synthesis Settings                                                                                             ;
+---------------------------------------------------------------------------------+--------------------+--------------------+
; Option                                                                          ; Setting            ; Default Value      ;
+---------------------------------------------------------------------------------+--------------------+--------------------+
; Device                                                                          ; 5CEBA4F23C7        ;                    ;
; Top-level entity name                                                           ; in_mod             ; in_mod             ;
; Family name                                                                     ; Cyclone V          ; Cyclone V          ;
; Use smart compilation                                                           ; Off                ; Off                ;
; Enable parallel Assembler and Timing Analyzer during compilation                ; On                 ; On                 ;
; Enable compact report table                                                     ; Off                ; Off                ;
; Restructure Multiplexers                                                        ; Auto               ; Auto               ;
; MLAB Add Timing Constraints For Mixed-Port Feed-Through Mode Setting Don't Care ; Off                ; Off                ;
; Create Debugging Nodes for IP Cores                                             ; Off                ; Off                ;
; Preserve fewer node names                                                       ; On                 ; On                 ;
; Intel FPGA IP Evaluation Mode                                                   ; Enable             ; Enable             ;
; Verilog Version                                                                 ; Verilog_2001       ; Verilog_2001       ;
; VHDL Version                                                                    ; VHDL_1993          ; VHDL_1993          ;
; State Machine Processing                                                        ; Auto               ; Auto               ;
; Safe State Machine                                                              ; Off                ; Off                ;
; Extract Verilog State Machines                                                  ; On                 ; On                 ;
; Extract VHDL State Machines                                                     ; On                 ; On                 ;
; Ignore Verilog initial constructs                                               ; Off                ; Off                ;
; Iteration limit for constant Verilog loops                                      ; 5000               ; 5000               ;
; Iteration limit for non-constant Verilog loops                                  ; 250                ; 250                ;
; Add Pass-Through Logic to Inferred RAMs                                         ; On                 ; On                 ;
; Infer RAMs from Raw Logic                                                       ; On                 ; On                 ;
; Parallel Synthesis                                                              ; On                 ; On                 ;
; DSP Block Balancing                                                             ; Auto               ; Auto               ;
; NOT Gate Push-Back                                                              ; On                 ; On                 ;
; Power-Up Don't Care                                                             ; On                 ; On                 ;
; Remove Redundant Logic Cells                                                    ; Off                ; Off                ;
; Remove Duplicate Registers                                                      ; On                 ; On                 ;
; Ignore CARRY Buffers                                                            ; Off                ; Off                ;
; Ignore CASCADE Buffers                                                          ; Off                ; Off                ;
; Ignore GLOBAL Buffers                                                           ; Off                ; Off                ;
; Ignore ROW GLOBAL Buffers                                                       ; Off                ; Off                ;
; Ignore LCELL Buffers                                                            ; Off                ; Off                ;
; Ignore SOFT Buffers                                                             ; On                 ; On                 ;
; Limit AHDL Integers to 32 Bits                                                  ; Off                ; Off                ;
; Optimization Technique                                                          ; Balanced           ; Balanced           ;
; Carry Chain Length                                                              ; 70                 ; 70                 ;
; Auto Carry Chains                                                               ; On                 ; On                 ;
; Auto Open-Drain Pins                                                            ; On                 ; On                 ;
; Perform WYSIWYG Primitive Resynthesis                                           ; Off                ; Off                ;
; Auto ROM Replacement                                                            ; On                 ; On                 ;
; Auto RAM Replacement                                                            ; On                 ; On                 ;
; Auto DSP Block Replacement                                                      ; On                 ; On                 ;
; Auto Shift Register Replacement                                                 ; Auto               ; Auto               ;
; Allow Shift Register Merging across Hierarchies                                 ; Auto               ; Auto               ;
; Auto Clock Enable Replacement                                                   ; On                 ; On                 ;
; Strict RAM Replacement                                                          ; Off                ; Off                ;
; Allow Synchronous Control Signals                                               ; On                 ; On                 ;
; Force Use of Synchronous Clear Signals                                          ; Off                ; Off                ;
; Auto Resource Sharing                                                           ; Off                ; Off                ;
; Allow Any RAM Size For Recognition                                              ; Off                ; Off                ;
; Allow Any ROM Size For Recognition                                              ; Off                ; Off                ;
; Allow Any Shift Register Size For Recognition                                   ; Off                ; Off                ;
; Use LogicLock Constraints during Resource Balancing                             ; On                 ; On                 ;
; Ignore translate_off and synthesis_off directives                               ; Off                ; Off                ;
; Timing-Driven Synthesis                                                         ; On                 ; On                 ;
; Report Parameter Settings                                                       ; On                 ; On                 ;
; Report Source Assignments                                                       ; On                 ; On                 ;
; Report Connectivity Checks                                                      ; On                 ; On                 ;
; Ignore Maximum Fan-Out Assignments                                              ; Off                ; Off                ;
; Synchronization Register Chain Length                                           ; 3                  ; 3                  ;
; Power Optimization During Synthesis                                             ; Normal compilation ; Normal compilation ;
; HDL message level                                                               ; Level2             ; Level2             ;
; Suppress Register Optimization Related Messages                                 ; Off                ; Off                ;
; Number of Removed Registers Reported in Synthesis Report                        ; 5000               ; 5000               ;
; Number of Swept Nodes Reported in Synthesis Report                              ; 5000               ; 5000               ;
; Number of Inverted Registers Reported in Synthesis Report                       ; 100                ; 100                ;
; Clock MUX Protection                                                            ; On                 ; On                 ;
; Auto Gated Clock Conversion                                                     ; Off                ; Off                ;
; Block Design Naming                                                             ; Auto               ; Auto               ;
; SDC constraint protection                                                       ; Off                ; Off                ;
; Synthesis Effort                                                                ; Auto               ; Auto               ;
; Shift Register Replacement - Allow Asynchronous Clear Signal                    ; On                 ; On                 ;
; Pre-Mapping Resynthesis Optimization                                            ; Off                ; Off                ;
; Analysis & Synthesis Message Level                                              ; Medium             ; Medium             ;
; Disable Register Merging Across Hierarchies                                     ; Auto               ; Auto               ;
; Resource Aware Inference For Block RAM                                          ; On                 ; On                 ;
; Automatic Parallel Synthesis                                                    ; On                 ; On                 ;
; Partial Reconfiguration Bitstream ID                                            ; Off                ; Off                ;
+---------------------------------------------------------------------------------+--------------------+--------------------+


+------------------------------------------+
; Parallel Compilation                     ;
+----------------------------+-------------+
; Processors                 ; Number      ;
+----------------------------+-------------+
; Number detected on machine ; 8           ;
; Maximum allowed            ; 4           ;
;                            ;             ;
; Average used               ; 1.00        ;
; Maximum used               ; 1           ;
;                            ;             ;
; Usage by Processor         ; % Time Used ;
;     Processor 1            ; 100.0%      ;
+----------------------------+-------------+


+----------------------------------------------------------------------------------------------------------------------------------------------------------------------------------------------------------+
; Analysis & Synthesis Source Files Read                                                                                                                                                                   ;
+----------------------------------+-----------------+------------------------------------------+------------------------------------------------------------------------------------------------+---------+
; File Name with User-Entered Path ; Used in Netlist ; File Type                                ; File Name with Absolute Path                                                                   ; Library ;
+----------------------------------+-----------------+------------------------------------------+------------------------------------------------------------------------------------------------+---------+
; in_mod.bdf                       ; yes             ; Auto-Found Block Diagram/Schematic File  ; C:/Users/dudkr/Desktop/16 bit computer/A- current/Fpga implementation/16_bit/in_mod.bdf        ;         ;
; bus_split.vhd                    ; yes             ; Auto-Found VHDL File                     ; C:/Users/dudkr/Desktop/16 bit computer/A- current/Fpga implementation/16_bit/bus_split.vhd     ;         ;
; b16_or.vhd                       ; yes             ; Auto-Found VHDL File                     ; C:/Users/dudkr/Desktop/16 bit computer/A- current/Fpga implementation/16_bit/b16_or.vhd        ;         ;
; b16_en.vhd                       ; yes             ; Auto-Found VHDL File                     ; C:/Users/dudkr/Desktop/16 bit computer/A- current/Fpga implementation/16_bit/b16_en.vhd        ;         ;
; dec38.bdf                        ; yes             ; Megafunction                             ; c:/intelfpga_lite/20.1/quartus/libraries/others/maxplus2/dec38.bdf                             ;         ;
; eightbitff.bdf                   ; yes             ; Auto-Found Block Diagram/Schematic File  ; C:/Users/dudkr/Desktop/16 bit computer/A- current/Fpga implementation/16_bit/eightbitff.bdf    ;         ;
; bus_split_out.vhd                ; yes             ; Auto-Found VHDL File                     ; C:/Users/dudkr/Desktop/16 bit computer/A- current/Fpga implementation/16_bit/bus_split_out.vhd ;         ;
+----------------------------------+-----------------+------------------------------------------+------------------------------------------------------------------------------------------------+---------+


+--------------------------------------------------------------------+
; Analysis & Synthesis Resource Usage Summary                        ;
+---------------------------------------------+----------------------+
; Resource                                    ; Usage                ;
+---------------------------------------------+----------------------+
; Estimate of Logic utilization (ALMs needed) ; 17                   ;
;                                             ;                      ;
; Combinational ALUT usage for logic          ; 19                   ;
;     -- 7 input functions                    ; 0                    ;
;     -- 6 input functions                    ; 0                    ;
;     -- 5 input functions                    ; 1                    ;
;     -- 4 input functions                    ; 16                   ;
;     -- <=3 input functions                  ; 2                    ;
;                                             ;                      ;
; Dedicated logic registers                   ; 26                   ;
;                                             ;                      ;
; I/O pins                                    ; 62                   ;
;                                             ;                      ;
; Total DSP Blocks                            ; 0                    ;
;                                             ;                      ;
; Maximum fan-out node                        ; eightbitff:inst5|pxd ;
; Maximum fan-out                             ; 17                   ;
; Total fan-out                               ; 229                  ;
; Average fan-out                             ; 1.36                 ;
+---------------------------------------------+----------------------+


+----------------------------------------------------------------------------------------------------------------------------------------------------------------------------------------------+
; Analysis & Synthesis Resource Utilization by Entity                                                                                                                                          ;
+----------------------------+---------------------+---------------------------+-------------------+------------+------+--------------+---------------------------+-------------+--------------+
; Compilation Hierarchy Node ; Combinational ALUTs ; Dedicated Logic Registers ; Block Memory Bits ; DSP Blocks ; Pins ; Virtual Pins ; Full Hierarchy Name       ; Entity Name ; Library Name ;
+----------------------------+---------------------+---------------------------+-------------------+------------+------+--------------+---------------------------+-------------+--------------+
; |in_mod                    ; 19 (3)              ; 26 (0)                    ; 0                 ; 0          ; 62   ; 0            ; |in_mod                   ; in_mod      ; work         ;
;    |b16_en:inst84|         ; 16 (16)             ; 0 (0)                     ; 0                 ; 0          ; 0    ; 0            ; |in_mod|b16_en:inst84     ; b16_en      ; work         ;
;    |eightbitff:inst11|     ; 0 (0)               ; 8 (8)                     ; 0                 ; 0          ; 0    ; 0            ; |in_mod|eightbitff:inst11 ; eightbitff  ; work         ;
;    |eightbitff:inst2|      ; 0 (0)               ; 2 (2)                     ; 0                 ; 0          ; 0    ; 0            ; |in_mod|eightbitff:inst2  ; eightbitff  ; work         ;
;    |eightbitff:inst4|      ; 0 (0)               ; 8 (8)                     ; 0                 ; 0          ; 0    ; 0            ; |in_mod|eightbitff:inst4  ; eightbitff  ; work         ;
;    |eightbitff:inst5|      ; 0 (0)               ; 8 (8)                     ; 0                 ; 0          ; 0    ; 0            ; |in_mod|eightbitff:inst5  ; eightbitff  ; work         ;
+----------------------------+---------------------+---------------------------+-------------------+------------+------+--------------+---------------------------+-------------+--------------+
Note: For table entries with two numbers listed, the numbers in parentheses indicate the number of resources of the given type used by the specific entity alone. The numbers listed outside of parentheses indicate the total resources of the given type used by the specific entity and all of its sub-entities in the hierarchy.


+------------------------------------------------------+
; General Register Statistics                          ;
+----------------------------------------------+-------+
; Statistic                                    ; Value ;
+----------------------------------------------+-------+
; Total registers                              ; 26    ;
; Number of registers using Synchronous Clear  ; 0     ;
; Number of registers using Synchronous Load   ; 0     ;
; Number of registers using Asynchronous Clear ; 0     ;
; Number of registers using Asynchronous Load  ; 0     ;
; Number of registers using Clock Enable       ; 0     ;
; Number of registers using Preset             ; 0     ;
+----------------------------------------------+-------+


+-----------------------------------------------------+
; Post-Synthesis Netlist Statistics for Top Partition ;
+-----------------------+-----------------------------+
; Type                  ; Count                       ;
+-----------------------+-----------------------------+
; arriav_ff             ; 26                          ;
;     plain             ; 26                          ;
; arriav_lcell_comb     ; 56                          ;
;     normal            ; 56                          ;
;         0 data inputs ; 2                           ;
;         1 data inputs ; 35                          ;
;         3 data inputs ; 2                           ;
;         4 data inputs ; 16                          ;
;         5 data inputs ; 1                           ;
; boundary_port         ; 62                          ;
;                       ;                             ;
; Max LUT depth         ; 2.00                        ;
; Average LUT depth     ; 1.35                        ;
+-----------------------+-----------------------------+


+-------------------------------+
; Elapsed Time Per Partition    ;
+----------------+--------------+
; Partition Name ; Elapsed Time ;
+----------------+--------------+
; Top            ; 00:00:00     ;
+----------------+--------------+


+-------------------------------+
; Analysis & Synthesis Messages ;
+-------------------------------+
Info: *******************************************************************
Info: Running Quartus Prime Analysis & Synthesis
    Info: Version 20.1.1 Build 720 11/11/2020 SJ Lite Edition
    Info: Processing started: Mon Oct 10 14:00:49 2022
Info: Command: quartus_map --read_settings_files=on --write_settings_files=off in_mod -c in_mod
Warning (18236): Number of processors has not been specified which may cause overloading on shared machines.  Set the global assignment NUM_PARALLEL_PROCESSORS in your QSF to an appropriate value for best performance.
Info (20030): Parallel compilation is enabled and will use 4 of the 4 processors detected
Warning (12125): Using design file in_mod.bdf, which is not specified as a design file for the current project, but contains definitions for 1 design units and 1 entities in project
    Info (12023): Found entity 1: in_mod
Info (12127): Elaborating entity "in_mod" for the top level hierarchy
Warning (275008): Primitive "NOT" of instance "inst16" not used
Warning (275008): Primitive "NOT" of instance "inst17" not used
Warning (275008): Primitive "NOT" of instance "inst18" not used
Warning (275008): Primitive "NOT" of instance "inst19" not used
Warning (275008): Primitive "NOT" of instance "inst20" not used
Warning (275008): Primitive "NOT" of instance "inst21" not used
Warning (275008): Primitive "NOT" of instance "inst22" not used
Warning (275008): Primitive "NOT" of instance "inst23" not used
Warning (275008): Primitive "NOT" of instance "inst24" not used
Warning (275008): Primitive "NOT" of instance "inst25" not used
Warning (275008): Primitive "AND2" of instance "inst71" not used
Warning (275008): Primitive "AND2" of instance "inst72" not used
Warning (12125): Using design file bus_split.vhd, which is not specified as a design file for the current project, but contains definitions for 2 design units and 1 entities in project
    Info (12022): Found design unit 1: bus_split-LogicFunc File: C:/Users/dudkr/Desktop/16 bit computer/A- current/Fpga implementation/16_bit/bus_split.vhd Line: 31
    Info (12023): Found entity 1: bus_split File: C:/Users/dudkr/Desktop/16 bit computer/A- current/Fpga implementation/16_bit/bus_split.vhd Line: 7
Info (12128): Elaborating entity "bus_split" for hierarchy "bus_split:inst34"
Warning (12125): Using design file b16_or.vhd, which is not specified as a design file for the current project, but contains definitions for 2 design units and 1 entities in project
    Info (12022): Found design unit 1: b16_or-LogicFunc File: C:/Users/dudkr/Desktop/16 bit computer/A- current/Fpga implementation/16_bit/b16_or.vhd Line: 31
    Info (12023): Found entity 1: b16_or File: C:/Users/dudkr/Desktop/16 bit computer/A- current/Fpga implementation/16_bit/b16_or.vhd Line: 8
Info (12128): Elaborating entity "b16_or" for hierarchy "b16_or:inst85"
Warning (12125): Using design file b16_en.vhd, which is not specified as a design file for the current project, but contains definitions for 2 design units and 1 entities in project
    Info (12022): Found design unit 1: b16_en-LogicFunc File: C:/Users/dudkr/Desktop/16 bit computer/A- current/Fpga implementation/16_bit/b16_en.vhd Line: 39
    Info (12023): Found entity 1: b16_en File: C:/Users/dudkr/Desktop/16 bit computer/A- current/Fpga implementation/16_bit/b16_en.vhd Line: 13
Info (12128): Elaborating entity "b16_en" for hierarchy "b16_en:inst84"
Info (12128): Elaborating entity "DEC38" for hierarchy "DEC38:inst79"
Info (12130): Elaborated megafunction instantiation "DEC38:inst79"
Warning (12125): Using design file eightbitff.bdf, which is not specified as a design file for the current project, but contains definitions for 1 design units and 1 entities in project
    Info (12023): Found entity 1: eightbitff
Info (12128): Elaborating entity "eightbitff" for hierarchy "eightbitff:inst5"
Warning (12125): Using design file bus_split_out.vhd, which is not specified as a design file for the current project, but contains definitions for 2 design units and 1 entities in project
    Info (12022): Found design unit 1: bus_split_out-LogicFunc File: C:/Users/dudkr/Desktop/16 bit computer/A- current/Fpga implementation/16_bit/bus_split_out.vhd Line: 31
    Info (12023): Found entity 1: bus_split_out File: C:/Users/dudkr/Desktop/16 bit computer/A- current/Fpga implementation/16_bit/bus_split_out.vhd Line: 7
Info (12128): Elaborating entity "bus_split_out" for hierarchy "eightbitff:inst5|bus_split_out:phm"
Warning (13024): Output pins are stuck at VCC or GND
    Warning (13410): Pin "LEDR5" is stuck at GND
    Warning (13410): Pin "HEX33" is stuck at VCC
    Warning (13410): Pin "HEX36" is stuck at VCC
    Warning (13410): Pin "HEX30" is stuck at VCC
    Warning (13410): Pin "HEX32" is stuck at VCC
    Warning (13410): Pin "HEX34" is stuck at VCC
    Warning (13410): Pin "HEX31" is stuck at VCC
    Warning (13410): Pin "HEX35" is stuck at VCC
Info (286030): Timing-Driven Synthesis is running
Info (16010): Generating hard_block partition "hard_block:auto_generated_inst"
    Info (16011): Adding 0 node(s), including 0 DDIO, 0 PLL, 0 transceiver and 0 LCELL
Info (21057): Implemented 107 device resources after synthesis - the final resource count might be different
    Info (21058): Implemented 14 input pins
    Info (21059): Implemented 48 output pins
    Info (21061): Implemented 45 logic cells
Info: Quartus Prime Analysis & Synthesis was successful. 0 errors, 28 warnings
    Info: Peak virtual memory: 4847 megabytes
    Info: Processing ended: Mon Oct 10 14:00:57 2022
    Info: Elapsed time: 00:00:08
    Info: Total CPU time (on all processors): 00:00:17


