Flow report for ram_mod
Sun Oct 16 11:23:46 2022
Quartus Prime Version 20.1.1 Build 720 11/11/2020 SJ Lite Edition


---------------------
; Table of Contents ;
---------------------
  1. Legal Notice
  2. Flow Summary
  3. Flow Settings
  4. Flow Non-Default Global Settings
  5. Flow Elapsed Time
  6. Flow OS Summary
  7. Flow Log
  8. Flow Messages
  9. Flow Suppressed Messages



----------------
; Legal Notice ;
----------------
Copyright (C) 2020  Intel Corporation. All rights reserved.
Your use of Intel Corporation's design tools, logic functions 
and other software and tools, and any partner logic 
functions, and any output files from any of the foregoing 
(including device programming or simulation files), and any 
associated documentation or information are expressly subject 
to the terms and conditions of the Intel Program License 
Subscription Agreement, the Intel Quartus Prime License Agreement,
the Intel FPGA IP License Agreement, or other applicable license
agreement, including, without limitation, that your use is for
the sole purpose of programming logic devices manufactured by
Intel and sold by Intel or its authorized distributors.  Please
refer to the applicable agreement for further details, at
https://fpgasoftware.intel.com/eula.



+-------------------------------------------------------------------------------+
; Flow Summary                                                                  ;
+---------------------------------+---------------------------------------------+
; Flow Status                     ; Successful - Sun Oct 16 11:23:38 2022       ;
; Quartus Prime Version           ; 20.1.1 Build 720 11/11/2020 SJ Lite Edition ;
; Revision Name                   ; ram_mod                                     ;
; Top-level Entity Name           ; ram_mod                                     ;
; Family                          ; Cyclone V                                   ;
; Device                          ; 5CEBA4F23C7                                 ;
; Timing Models                   ; Final                                       ;
; Logic utilization (in ALMs)     ; 49 / 18,480 ( < 1 % )                       ;
; Total registers                 ; 6                                           ;
; Total pins                      ; 68 / 224 ( 30 % )                           ;
; Total virtual pins              ; 0                                           ;
; Total block memory bits         ; 1,048,576 / 3,153,920 ( 33 % )              ;
; Total DSP Blocks                ; 0 / 66 ( 0 % )                              ;
; Total HSSI RX PCSs              ; 0                                           ;
; Total HSSI PMA RX Deserializers ; 0                                           ;
; Total HSSI TX PCSs              ; 0                                           ;
; Total HSSI PMA TX Serializers   ; 0                                           ;
; Total PLLs                      ; 0 / 4 ( 0 % )                               ;
; Total DLLs                      ; 0 / 4 ( 0 % )                               ;
+---------------------------------+---------------------------------------------+


+-----------------------------------------+
; Flow Settings                           ;
+-------------------+---------------------+
; Option            ; Setting             ;
+-------------------+---------------------+
; Start date & time ; 10/16/2022 11:23:00 ;
; Main task         ; Compilation         ;
; Revision Name     ; ram_mod             ;
+-------------------+---------------------+


+-------------------------------------------------------------------------------------------------------------------------+
; Flow Non-Default Global Settings                                                                                        ;
+-------------------------------------+----------------------------------------+---------------+-------------+------------+
; Assignment Name                     ; Value                                  ; Default Value ; Entity Name ; Section Id ;
+-------------------------------------+----------------------------------------+---------------+-------------+------------+
; COMPILER_SIGNATURE_ID               ; 224391393303535.166594098025188        ; --            ; --          ; --         ;
; MAX_CORE_JUNCTION_TEMP              ; 85                                     ; --            ; --          ; --         ;
; MIN_CORE_JUNCTION_TEMP              ; 0                                      ; --            ; --          ; --         ;
; MISC_FILE                           ; rami.bsf                               ; --            ; --          ; --         ;
; MISC_FILE                           ; rami_inst.vhd                          ; --            ; --          ; --         ;
; MISC_FILE                           ; rami.inc                               ; --            ; --          ; --         ;
; MISC_FILE                           ; rami.cmp                               ; --            ; --          ; --         ;
; MISC_FILE                           ; ramo.bsf                               ; --            ; --          ; --         ;
; MISC_FILE                           ; ramo.cmp                               ; --            ; --          ; --         ;
; PARTITION_COLOR                     ; -- (Not supported for targeted family) ; --            ; --          ; Top        ;
; PARTITION_FITTER_PRESERVATION_LEVEL ; -- (Not supported for targeted family) ; --            ; --          ; Top        ;
; PARTITION_NETLIST_TYPE              ; -- (Not supported for targeted family) ; --            ; --          ; Top        ;
; PROJECT_OUTPUT_DIRECTORY            ; output_files                           ; --            ; --          ; --         ;
+-------------------------------------+----------------------------------------+---------------+-------------+------------+


+--------------------------------------------------------------------------------------------------------------------------+
; Flow Elapsed Time                                                                                                        ;
+----------------------+--------------+-------------------------+---------------------+------------------------------------+
; Module Name          ; Elapsed Time ; Average Processors Used ; Peak Virtual Memory ; Total CPU Time (on all processors) ;
+----------------------+--------------+-------------------------+---------------------+------------------------------------+
; Analysis & Synthesis ; 00:00:08     ; 1.0                     ; 4866 MB             ; 00:00:17                           ;
; Fitter               ; 00:00:24     ; 1.2                     ; 6340 MB             ; 00:00:50                           ;
; Assembler            ; 00:00:04     ; 1.0                     ; 4848 MB             ; 00:00:04                           ;
; Timing Analyzer      ; 00:00:07     ; 1.8                     ; 5119 MB             ; 00:00:10                           ;
; Total                ; 00:00:43     ; --                      ; --                  ; 00:01:21                           ;
+----------------------+--------------+-------------------------+---------------------+------------------------------------+


+------------------------------------------------------------------------------------+
; Flow OS Summary                                                                    ;
+----------------------+------------------+------------+------------+----------------+
; Module Name          ; Machine Hostname ; OS Name    ; OS Version ; Processor type ;
+----------------------+------------------+------------+------------+----------------+
; Analysis & Synthesis ; Nak              ; Windows 10 ; 10.0       ; x86_64         ;
; Fitter               ; Nak              ; Windows 10 ; 10.0       ; x86_64         ;
; Assembler            ; Nak              ; Windows 10 ; 10.0       ; x86_64         ;
; Timing Analyzer      ; Nak              ; Windows 10 ; 10.0       ; x86_64         ;
+----------------------+------------------+------------+------------+----------------+


------------
; Flow Log ;
------------
quartus_map --read_settings_files=on --write_settings_files=off ram_mod -c ram_mod
quartus_fit --read_settings_files=off --write_settings_files=off ram_mod -c ram_mod
quartus_asm --read_settings_files=off --write_settings_files=off ram_mod -c ram_mod
quartus_sta ram_mod -c ram_mod



