Analysis & Synthesis report for ram_mod
Fri Oct 14 16:55:14 2022
Quartus Prime Version 20.1.1 Build 720 11/11/2020 SJ Lite Edition


---------------------
; Table of Contents ;
---------------------
  1. Legal Notice
  2. Analysis & Synthesis Summary
  3. Analysis & Synthesis Settings
  4. Parallel Compilation
  5. Analysis & Synthesis Source Files Read
  6. Analysis & Synthesis Resource Usage Summary
  7. Analysis & Synthesis Resource Utilization by Entity
  8. Analysis & Synthesis RAM Summary
  9. Analysis & Synthesis IP Cores Summary
 10. Registers Removed During Synthesis
 11. General Register Statistics
 12. Multiplexer Restructuring Statistics (Restructuring Performed)
 13. Source assignments for ramo:inst54|altsyncram:altsyncram_component|altsyncram_nfu3:auto_generated
 14. Parameter Settings for User Entity Instance: ramo:inst54|altsyncram:altsyncram_component
 15. altsyncram Parameter Settings by Entity Instance
 16. Post-Synthesis Netlist Statistics for Top Partition
 17. Elapsed Time Per Partition
 18. Analysis & Synthesis Messages



----------------
; Legal Notice ;
----------------
Copyright (C) 2020  Intel Corporation. All rights reserved.
Your use of Intel Corporation's design tools, logic functions 
and other software and tools, and any partner logic 
functions, and any output files from any of the foregoing 
(including device programming or simulation files), and any 
associated documentation or information are expressly subject 
to the terms and conditions of the Intel Program License 
Subscription Agreement, the Intel Quartus Prime License Agreement,
the Intel FPGA IP License Agreement, or other applicable license
agreement, including, without limitation, that your use is for
the sole purpose of programming logic devices manufactured by
Intel and sold by Intel or its authorized distributors.  Please
refer to the applicable agreement for further details, at
https://fpgasoftware.intel.com/eula.



+-------------------------------------------------------------------------------+
; Analysis & Synthesis Summary                                                  ;
+---------------------------------+---------------------------------------------+
; Analysis & Synthesis Status     ; Successful - Fri Oct 14 16:55:14 2022       ;
; Quartus Prime Version           ; 20.1.1 Build 720 11/11/2020 SJ Lite Edition ;
; Revision Name                   ; ram_mod                                     ;
; Top-level Entity Name           ; ram_mod                                     ;
; Family                          ; Cyclone V                                   ;
; Logic utilization (in ALMs)     ; N/A                                         ;
; Total registers                 ; 23                                          ;
; Total pins                      ; 62                                          ;
; Total virtual pins              ; 0                                           ;
; Total block memory bits         ; 1,048,576                                   ;
; Total DSP Blocks                ; 0                                           ;
; Total HSSI RX PCSs              ; 0                                           ;
; Total HSSI PMA RX Deserializers ; 0                                           ;
; Total HSSI TX PCSs              ; 0                                           ;
; Total HSSI PMA TX Serializers   ; 0                                           ;
; Total PLLs                      ; 0                                           ;
; Total DLLs                      ; 0                                           ;
+---------------------------------+---------------------------------------------+


+---------------------------------------------------------------------------------------------------------------------------+
; Analysis & Synthesis Settings                                                                                             ;
+---------------------------------------------------------------------------------+--------------------+--------------------+
; Option                                                                          ; Setting            ; Default Value      ;
+---------------------------------------------------------------------------------+--------------------+--------------------+
; Device                                                                          ; 5CEBA4F23C7        ;                    ;
; Top-level entity name                                                           ; ram_mod            ; ram_mod            ;
; Family name                                                                     ; Cyclone V          ; Cyclone V          ;
; Use smart compilation                                                           ; Off                ; Off                ;
; Enable parallel Assembler and Timing Analyzer during compilation                ; On                 ; On                 ;
; Enable compact report table                                                     ; Off                ; Off                ;
; Restructure Multiplexers                                                        ; Auto               ; Auto               ;
; MLAB Add Timing Constraints For Mixed-Port Feed-Through Mode Setting Don't Care ; Off                ; Off                ;
; Create Debugging Nodes for IP Cores                                             ; Off                ; Off                ;
; Preserve fewer node names                                                       ; On                 ; On                 ;
; Intel FPGA IP Evaluation Mode                                                   ; Enable             ; Enable             ;
; Verilog Version                                                                 ; Verilog_2001       ; Verilog_2001       ;
; VHDL Version                                                                    ; VHDL_1993          ; VHDL_1993          ;
; State Machine Processing                                                        ; Auto               ; Auto               ;
; Safe State Machine                                                              ; Off                ; Off                ;
; Extract Verilog State Machines                                                  ; On                 ; On                 ;
; Extract VHDL State Machines                                                     ; On                 ; On                 ;
; Ignore Verilog initial constructs                                               ; Off                ; Off                ;
; Iteration limit for constant Verilog loops                                      ; 5000               ; 5000               ;
; Iteration limit for non-constant Verilog loops                                  ; 250                ; 250                ;
; Add Pass-Through Logic to Inferred RAMs                                         ; On                 ; On                 ;
; Infer RAMs from Raw Logic                                                       ; On                 ; On                 ;
; Parallel Synthesis                                                              ; On                 ; On                 ;
; DSP Block Balancing                                                             ; Auto               ; Auto               ;
; NOT Gate Push-Back                                                              ; On                 ; On                 ;
; Power-Up Don't Care                                                             ; On                 ; On                 ;
; Remove Redundant Logic Cells                                                    ; Off                ; Off                ;
; Remove Duplicate Registers                                                      ; On                 ; On                 ;
; Ignore CARRY Buffers                                                            ; Off                ; Off                ;
; Ignore CASCADE Buffers                                                          ; Off                ; Off                ;
; Ignore GLOBAL Buffers                                                           ; Off                ; Off                ;
; Ignore ROW GLOBAL Buffers                                                       ; Off                ; Off                ;
; Ignore LCELL Buffers                                                            ; Off                ; Off                ;
; Ignore SOFT Buffers                                                             ; On                 ; On                 ;
; Limit AHDL Integers to 32 Bits                                                  ; Off                ; Off                ;
; Optimization Technique                                                          ; Balanced           ; Balanced           ;
; Carry Chain Length                                                              ; 70                 ; 70                 ;
; Auto Carry Chains                                                               ; On                 ; On                 ;
; Auto Open-Drain Pins                                                            ; On                 ; On                 ;
; Perform WYSIWYG Primitive Resynthesis                                           ; Off                ; Off                ;
; Auto ROM Replacement                                                            ; On                 ; On                 ;
; Auto RAM Replacement                                                            ; On                 ; On                 ;
; Auto DSP Block Replacement                                                      ; On                 ; On                 ;
; Auto Shift Register Replacement                                                 ; Auto               ; Auto               ;
; Allow Shift Register Merging across Hierarchies                                 ; Auto               ; Auto               ;
; Auto Clock Enable Replacement                                                   ; On                 ; On                 ;
; Strict RAM Replacement                                                          ; Off                ; Off                ;
; Allow Synchronous Control Signals                                               ; On                 ; On                 ;
; Force Use of Synchronous Clear Signals                                          ; Off                ; Off                ;
; Auto Resource Sharing                                                           ; Off                ; Off                ;
; Allow Any RAM Size For Recognition                                              ; Off                ; Off                ;
; Allow Any ROM Size For Recognition                                              ; Off                ; Off                ;
; Allow Any Shift Register Size For Recognition                                   ; Off                ; Off                ;
; Use LogicLock Constraints during Resource Balancing                             ; On                 ; On                 ;
; Ignore translate_off and synthesis_off directives                               ; Off                ; Off                ;
; Timing-Driven Synthesis                                                         ; On                 ; On                 ;
; Report Parameter Settings                                                       ; On                 ; On                 ;
; Report Source Assignments                                                       ; On                 ; On                 ;
; Report Connectivity Checks                                                      ; On                 ; On                 ;
; Ignore Maximum Fan-Out Assignments                                              ; Off                ; Off                ;
; Synchronization Register Chain Length                                           ; 3                  ; 3                  ;
; Power Optimization During Synthesis                                             ; Normal compilation ; Normal compilation ;
; HDL message level                                                               ; Level2             ; Level2             ;
; Suppress Register Optimization Related Messages                                 ; Off                ; Off                ;
; Number of Removed Registers Reported in Synthesis Report                        ; 5000               ; 5000               ;
; Number of Swept Nodes Reported in Synthesis Report                              ; 5000               ; 5000               ;
; Number of Inverted Registers Reported in Synthesis Report                       ; 100                ; 100                ;
; Clock MUX Protection                                                            ; On                 ; On                 ;
; Auto Gated Clock Conversion                                                     ; Off                ; Off                ;
; Block Design Naming                                                             ; Auto               ; Auto               ;
; SDC constraint protection                                                       ; Off                ; Off                ;
; Synthesis Effort                                                                ; Auto               ; Auto               ;
; Shift Register Replacement - Allow Asynchronous Clear Signal                    ; On                 ; On                 ;
; Pre-Mapping Resynthesis Optimization                                            ; Off                ; Off                ;
; Analysis & Synthesis Message Level                                              ; Medium             ; Medium             ;
; Disable Register Merging Across Hierarchies                                     ; Auto               ; Auto               ;
; Resource Aware Inference For Block RAM                                          ; On                 ; On                 ;
; Automatic Parallel Synthesis                                                    ; On                 ; On                 ;
; Partial Reconfiguration Bitstream ID                                            ; Off                ; Off                ;
+---------------------------------------------------------------------------------+--------------------+--------------------+


+------------------------------------------+
; Parallel Compilation                     ;
+----------------------------+-------------+
; Processors                 ; Number      ;
+----------------------------+-------------+
; Number detected on machine ; 8           ;
; Maximum allowed            ; 4           ;
;                            ;             ;
; Average used               ; 1.00        ;
; Maximum used               ; 4           ;
;                            ;             ;
; Usage by Processor         ; % Time Used ;
;     Processor 1            ; 100.0%      ;
;     Processors 2-4         ;   0.0%      ;
+----------------------------+-------------+


+---------------------------------------------------------------------------------------------------------------------------------------------------------------------------------------------------------------+
; Analysis & Synthesis Source Files Read                                                                                                                                                                        ;
+----------------------------------+-----------------+------------------------------------------+-----------------------------------------------------------------------------------------------------+---------+
; File Name with User-Entered Path ; Used in Netlist ; File Type                                ; File Name with Absolute Path                                                                        ; Library ;
+----------------------------------+-----------------+------------------------------------------+-----------------------------------------------------------------------------------------------------+---------+
; ramo.vhd                         ; yes             ; User Wizard-Generated File               ; C:/Users/dudkr/Desktop/16 bit computer/A- current/Fpga implementation/16_bit/ramo.vhd               ;         ;
; ram_mod.bdf                      ; yes             ; Auto-Found Block Diagram/Schematic File  ; C:/Users/dudkr/Desktop/16 bit computer/A- current/Fpga implementation/16_bit/ram_mod.bdf            ;         ;
; bus_split.vhd                    ; yes             ; Auto-Found VHDL File                     ; C:/Users/dudkr/Desktop/16 bit computer/A- current/Fpga implementation/16_bit/bus_split.vhd          ;         ;
; altsyncram.tdf                   ; yes             ; Megafunction                             ; c:/intelfpga_lite/20.1/quartus/libraries/megafunctions/altsyncram.tdf                               ;         ;
; stratix_ram_block.inc            ; yes             ; Megafunction                             ; c:/intelfpga_lite/20.1/quartus/libraries/megafunctions/stratix_ram_block.inc                        ;         ;
; lpm_mux.inc                      ; yes             ; Megafunction                             ; c:/intelfpga_lite/20.1/quartus/libraries/megafunctions/lpm_mux.inc                                  ;         ;
; lpm_decode.inc                   ; yes             ; Megafunction                             ; c:/intelfpga_lite/20.1/quartus/libraries/megafunctions/lpm_decode.inc                               ;         ;
; aglobal201.inc                   ; yes             ; Megafunction                             ; c:/intelfpga_lite/20.1/quartus/libraries/megafunctions/aglobal201.inc                               ;         ;
; a_rdenreg.inc                    ; yes             ; Megafunction                             ; c:/intelfpga_lite/20.1/quartus/libraries/megafunctions/a_rdenreg.inc                                ;         ;
; altrom.inc                       ; yes             ; Megafunction                             ; c:/intelfpga_lite/20.1/quartus/libraries/megafunctions/altrom.inc                                   ;         ;
; altram.inc                       ; yes             ; Megafunction                             ; c:/intelfpga_lite/20.1/quartus/libraries/megafunctions/altram.inc                                   ;         ;
; altdpram.inc                     ; yes             ; Megafunction                             ; c:/intelfpga_lite/20.1/quartus/libraries/megafunctions/altdpram.inc                                 ;         ;
; db/altsyncram_nfu3.tdf           ; yes             ; Auto-Generated Megafunction              ; C:/Users/dudkr/Desktop/16 bit computer/A- current/Fpga implementation/16_bit/db/altsyncram_nfu3.tdf ;         ;
; db/decode_dla.tdf                ; yes             ; Auto-Generated Megafunction              ; C:/Users/dudkr/Desktop/16 bit computer/A- current/Fpga implementation/16_bit/db/decode_dla.tdf      ;         ;
; db/decode_61a.tdf                ; yes             ; Auto-Generated Megafunction              ; C:/Users/dudkr/Desktop/16 bit computer/A- current/Fpga implementation/16_bit/db/decode_61a.tdf      ;         ;
; db/mux_chb.tdf                   ; yes             ; Auto-Generated Megafunction              ; C:/Users/dudkr/Desktop/16 bit computer/A- current/Fpga implementation/16_bit/db/mux_chb.tdf         ;         ;
; bus_split_out.vhd                ; yes             ; Auto-Found VHDL File                     ; C:/Users/dudkr/Desktop/16 bit computer/A- current/Fpga implementation/16_bit/bus_split_out.vhd      ;         ;
; dec38.bdf                        ; yes             ; Megafunction                             ; c:/intelfpga_lite/20.1/quartus/libraries/others/maxplus2/dec38.bdf                                  ;         ;
; in_mod.bdf                       ; yes             ; Auto-Found Block Diagram/Schematic File  ; C:/Users/dudkr/Desktop/16 bit computer/A- current/Fpga implementation/16_bit/in_mod.bdf             ;         ;
; eightbitff.bdf                   ; yes             ; Auto-Found Block Diagram/Schematic File  ; C:/Users/dudkr/Desktop/16 bit computer/A- current/Fpga implementation/16_bit/eightbitff.bdf         ;         ;
; b16_en.vhd                       ; yes             ; Auto-Found VHDL File                     ; C:/Users/dudkr/Desktop/16 bit computer/A- current/Fpga implementation/16_bit/b16_en.vhd             ;         ;
; b16_or.vhd                       ; yes             ; Auto-Found VHDL File                     ; C:/Users/dudkr/Desktop/16 bit computer/A- current/Fpga implementation/16_bit/b16_or.vhd             ;         ;
+----------------------------------+-----------------+------------------------------------------+-----------------------------------------------------------------------------------------------------+---------+


+---------------------------------------------------------------+
; Analysis & Synthesis Resource Usage Summary                   ;
+---------------------------------------------+-----------------+
; Resource                                    ; Usage           ;
+---------------------------------------------+-----------------+
; Estimate of Logic utilization (ALMs needed) ; 52              ;
;                                             ;                 ;
; Combinational ALUT usage for logic          ; 68              ;
;     -- 7 input functions                    ; 0               ;
;     -- 6 input functions                    ; 32              ;
;     -- 5 input functions                    ; 0               ;
;     -- 4 input functions                    ; 8               ;
;     -- <=3 input functions                  ; 28              ;
;                                             ;                 ;
; Dedicated logic registers                   ; 23              ;
;                                             ;                 ;
; I/O pins                                    ; 62              ;
; Total MLAB memory bits                      ; 0               ;
; Total block memory bits                     ; 1048576         ;
;                                             ;                 ;
; Total DSP Blocks                            ; 0               ;
;                                             ;                 ;
; Maximum fan-out node                        ; dec38:inst81|26 ;
; Maximum fan-out                             ; 134             ;
; Total fan-out                               ; 2618            ;
; Average fan-out                             ; 7.63            ;
+---------------------------------------------+-----------------+


+----------------------------------------------------------------------------------------------------------------------------------------------------------------------------------------------------------------------------------------------------------------------------------------------------+
; Analysis & Synthesis Resource Utilization by Entity                                                                                                                                                                                                                                                ;
+-------------------------------------------+---------------------+---------------------------+-------------------+------------+------+--------------+--------------------------------------------------------------------------------------------------------------+-----------------+--------------+
; Compilation Hierarchy Node                ; Combinational ALUTs ; Dedicated Logic Registers ; Block Memory Bits ; DSP Blocks ; Pins ; Virtual Pins ; Full Hierarchy Name                                                                                          ; Entity Name     ; Library Name ;
+-------------------------------------------+---------------------+---------------------------+-------------------+------------+------+--------------+--------------------------------------------------------------------------------------------------------------+-----------------+--------------+
; |ram_mod                                  ; 68 (1)              ; 23 (0)                    ; 1048576           ; 0          ; 62   ; 0            ; |ram_mod                                                                                                     ; ram_mod         ; work         ;
;    |dec38:inst81|                         ; 1 (1)               ; 0 (0)                     ; 0                 ; 0          ; 0    ; 0            ; |ram_mod|dec38:inst81                                                                                        ; dec38           ; work         ;
;    |in_mod:SsfvD|                         ; 2 (2)               ; 17 (0)                    ; 0                 ; 0          ; 0    ; 0            ; |ram_mod|in_mod:SsfvD                                                                                        ; in_mod          ; work         ;
;       |eightbitff:inst11|                 ; 0 (0)               ; 8 (8)                     ; 0                 ; 0          ; 0    ; 0            ; |ram_mod|in_mod:SsfvD|eightbitff:inst11                                                                      ; eightbitff      ; work         ;
;       |eightbitff:inst2|                  ; 0 (0)               ; 1 (1)                     ; 0                 ; 0          ; 0    ; 0            ; |ram_mod|in_mod:SsfvD|eightbitff:inst2                                                                       ; eightbitff      ; work         ;
;       |eightbitff:inst4|                  ; 0 (0)               ; 8 (8)                     ; 0                 ; 0          ; 0    ; 0            ; |ram_mod|in_mod:SsfvD|eightbitff:inst4                                                                       ; eightbitff      ; work         ;
;    |ramo:inst54|                          ; 64 (0)              ; 6 (0)                     ; 1048576           ; 0          ; 0    ; 0            ; |ram_mod|ramo:inst54                                                                                         ; ramo            ; work         ;
;       |altsyncram:altsyncram_component|   ; 64 (0)              ; 6 (0)                     ; 1048576           ; 0          ; 0    ; 0            ; |ram_mod|ramo:inst54|altsyncram:altsyncram_component                                                         ; altsyncram      ; work         ;
;          |altsyncram_nfu3:auto_generated| ; 64 (0)              ; 6 (6)                     ; 1048576           ; 0          ; 0    ; 0            ; |ram_mod|ramo:inst54|altsyncram:altsyncram_component|altsyncram_nfu3:auto_generated                          ; altsyncram_nfu3 ; work         ;
;             |decode_61a:rden_decode_b|    ; 8 (8)               ; 0 (0)                     ; 0                 ; 0          ; 0    ; 0            ; |ram_mod|ramo:inst54|altsyncram:altsyncram_component|altsyncram_nfu3:auto_generated|decode_61a:rden_decode_b ; decode_61a      ; work         ;
;             |decode_dla:decode2|          ; 8 (8)               ; 0 (0)                     ; 0                 ; 0          ; 0    ; 0            ; |ram_mod|ramo:inst54|altsyncram:altsyncram_component|altsyncram_nfu3:auto_generated|decode_dla:decode2       ; decode_dla      ; work         ;
;             |mux_chb:mux3|                ; 48 (48)             ; 0 (0)                     ; 0                 ; 0          ; 0    ; 0            ; |ram_mod|ramo:inst54|altsyncram:altsyncram_component|altsyncram_nfu3:auto_generated|mux_chb:mux3             ; mux_chb         ; work         ;
+-------------------------------------------+---------------------+---------------------------+-------------------+------------+------+--------------+--------------------------------------------------------------------------------------------------------------+-----------------+--------------+
Note: For table entries with two numbers listed, the numbers in parentheses indicate the number of resources of the given type used by the specific entity alone. The numbers listed outside of parentheses indicate the total resources of the given type used by the specific entity and all of its sub-entities in the hierarchy.


+----------------------------------------------------------------------------------------------------------------------------------------------------------------------------------------------+
; Analysis & Synthesis RAM Summary                                                                                                                                                             ;
+---------------------------------------------------------------------------------------+------+------------------+--------------+--------------+--------------+--------------+---------+------+
; Name                                                                                  ; Type ; Mode             ; Port A Depth ; Port A Width ; Port B Depth ; Port B Width ; Size    ; MIF  ;
+---------------------------------------------------------------------------------------+------+------------------+--------------+--------------+--------------+--------------+---------+------+
; ramo:inst54|altsyncram:altsyncram_component|altsyncram_nfu3:auto_generated|ALTSYNCRAM ; AUTO ; Simple Dual Port ; 65536        ; 16           ; 65536        ; 16           ; 1048576 ; None ;
+---------------------------------------------------------------------------------------+------+------------------+--------------+--------------+--------------+--------------+---------+------+


+--------------------------------------------------------------------------------------------------------+
; Analysis & Synthesis IP Cores Summary                                                                  ;
+--------+--------------+---------+--------------+--------------+----------------------+-----------------+
; Vendor ; IP Core Name ; Version ; Release Date ; License Type ; Entity Instance      ; IP Include File ;
+--------+--------------+---------+--------------+--------------+----------------------+-----------------+
; Altera ; RAM: 2-PORT  ; 20.1    ; N/A          ; N/A          ; |ram_mod|ramo:inst54 ; ramo.vhd        ;
+--------+--------------+---------+--------------+--------------+----------------------+-----------------+


+--------------------------------------------------------------------------------+
; Registers Removed During Synthesis                                             ;
+---------------------------------------+----------------------------------------+
; Register name                         ; Reason for Removal                     ;
+---------------------------------------+----------------------------------------+
; in_mod:SsfvD|eightbitff:inst2|pxe     ; Stuck at GND due to stuck port data_in ;
; Total Number of Removed Registers = 1 ;                                        ;
+---------------------------------------+----------------------------------------+


+------------------------------------------------------+
; General Register Statistics                          ;
+----------------------------------------------+-------+
; Statistic                                    ; Value ;
+----------------------------------------------+-------+
; Total registers                              ; 23    ;
; Number of registers using Synchronous Clear  ; 0     ;
; Number of registers using Synchronous Load   ; 0     ;
; Number of registers using Asynchronous Clear ; 0     ;
; Number of registers using Asynchronous Load  ; 0     ;
; Number of registers using Clock Enable       ; 0     ;
; Number of registers using Preset             ; 0     ;
+----------------------------------------------+-------+


+-------------------------------------------------------------------------------------------------------------------------------------------------------------------------------------------------------------------------------------+
; Multiplexer Restructuring Statistics (Restructuring Performed)                                                                                                                                                                      ;
+--------------------+-----------+---------------+----------------------+------------------------+------------+-----------------------------------------------------------------------------------------------------------------------+
; Multiplexer Inputs ; Bus Width ; Baseline Area ; Area if Restructured ; Saving if Restructured ; Registered ; Example Multiplexer Output                                                                                            ;
+--------------------+-----------+---------------+----------------------+------------------------+------------+-----------------------------------------------------------------------------------------------------------------------+
; 8:1                ; 16 bits   ; 80 LEs        ; 80 LEs               ; 0 LEs                  ; No         ; |ram_mod|ramo:inst54|altsyncram:altsyncram_component|altsyncram_nfu3:auto_generated|mux_chb:mux3|l3_w1_n0_mux_dataout ;
+--------------------+-----------+---------------+----------------------+------------------------+------------+-----------------------------------------------------------------------------------------------------------------------+


+---------------------------------------------------------------------------------------------------+
; Source assignments for ramo:inst54|altsyncram:altsyncram_component|altsyncram_nfu3:auto_generated ;
+---------------------------------+--------------------+------+-------------------------------------+
; Assignment                      ; Value              ; From ; To                                  ;
+---------------------------------+--------------------+------+-------------------------------------+
; OPTIMIZE_POWER_DURING_SYNTHESIS ; NORMAL_COMPILATION ; -    ; -                                   ;
+---------------------------------+--------------------+------+-------------------------------------+


+------------------------------------------------------------------------------------------+
; Parameter Settings for User Entity Instance: ramo:inst54|altsyncram:altsyncram_component ;
+------------------------------------+----------------------+------------------------------+
; Parameter Name                     ; Value                ; Type                         ;
+------------------------------------+----------------------+------------------------------+
; BYTE_SIZE_BLOCK                    ; 8                    ; Untyped                      ;
; AUTO_CARRY_CHAINS                  ; ON                   ; AUTO_CARRY                   ;
; IGNORE_CARRY_BUFFERS               ; OFF                  ; IGNORE_CARRY                 ;
; AUTO_CASCADE_CHAINS                ; ON                   ; AUTO_CASCADE                 ;
; IGNORE_CASCADE_BUFFERS             ; OFF                  ; IGNORE_CASCADE               ;
; WIDTH_BYTEENA                      ; 1                    ; Untyped                      ;
; OPERATION_MODE                     ; DUAL_PORT            ; Untyped                      ;
; WIDTH_A                            ; 16                   ; Signed Integer               ;
; WIDTHAD_A                          ; 16                   ; Signed Integer               ;
; NUMWORDS_A                         ; 65536                ; Signed Integer               ;
; OUTDATA_REG_A                      ; UNREGISTERED         ; Untyped                      ;
; ADDRESS_ACLR_A                     ; NONE                 ; Untyped                      ;
; OUTDATA_ACLR_A                     ; NONE                 ; Untyped                      ;
; WRCONTROL_ACLR_A                   ; NONE                 ; Untyped                      ;
; INDATA_ACLR_A                      ; NONE                 ; Untyped                      ;
; BYTEENA_ACLR_A                     ; NONE                 ; Untyped                      ;
; WIDTH_B                            ; 16                   ; Signed Integer               ;
; WIDTHAD_B                          ; 16                   ; Signed Integer               ;
; NUMWORDS_B                         ; 65536                ; Signed Integer               ;
; INDATA_REG_B                       ; CLOCK1               ; Untyped                      ;
; WRCONTROL_WRADDRESS_REG_B          ; CLOCK1               ; Untyped                      ;
; RDCONTROL_REG_B                    ; CLOCK1               ; Untyped                      ;
; ADDRESS_REG_B                      ; CLOCK0               ; Untyped                      ;
; OUTDATA_REG_B                      ; CLOCK0               ; Untyped                      ;
; BYTEENA_REG_B                      ; CLOCK1               ; Untyped                      ;
; INDATA_ACLR_B                      ; NONE                 ; Untyped                      ;
; WRCONTROL_ACLR_B                   ; NONE                 ; Untyped                      ;
; ADDRESS_ACLR_B                     ; NONE                 ; Untyped                      ;
; OUTDATA_ACLR_B                     ; NONE                 ; Untyped                      ;
; RDCONTROL_ACLR_B                   ; NONE                 ; Untyped                      ;
; BYTEENA_ACLR_B                     ; NONE                 ; Untyped                      ;
; WIDTH_BYTEENA_A                    ; 1                    ; Signed Integer               ;
; WIDTH_BYTEENA_B                    ; 1                    ; Signed Integer               ;
; RAM_BLOCK_TYPE                     ; AUTO                 ; Untyped                      ;
; BYTE_SIZE                          ; 8                    ; Signed Integer               ;
; READ_DURING_WRITE_MODE_MIXED_PORTS ; DONT_CARE            ; Untyped                      ;
; READ_DURING_WRITE_MODE_PORT_A      ; NEW_DATA_NO_NBE_READ ; Untyped                      ;
; READ_DURING_WRITE_MODE_PORT_B      ; NEW_DATA_NO_NBE_READ ; Untyped                      ;
; INIT_FILE                          ; UNUSED               ; Untyped                      ;
; INIT_FILE_LAYOUT                   ; PORT_A               ; Untyped                      ;
; MAXIMUM_DEPTH                      ; 0                    ; Signed Integer               ;
; CLOCK_ENABLE_INPUT_A               ; BYPASS               ; Untyped                      ;
; CLOCK_ENABLE_INPUT_B               ; BYPASS               ; Untyped                      ;
; CLOCK_ENABLE_OUTPUT_A              ; NORMAL               ; Untyped                      ;
; CLOCK_ENABLE_OUTPUT_B              ; BYPASS               ; Untyped                      ;
; CLOCK_ENABLE_CORE_A                ; USE_INPUT_CLKEN      ; Untyped                      ;
; CLOCK_ENABLE_CORE_B                ; USE_INPUT_CLKEN      ; Untyped                      ;
; ENABLE_ECC                         ; FALSE                ; Untyped                      ;
; ECC_PIPELINE_STAGE_ENABLED         ; FALSE                ; Untyped                      ;
; WIDTH_ECCSTATUS                    ; 3                    ; Signed Integer               ;
; DEVICE_FAMILY                      ; Cyclone V            ; Untyped                      ;
; CBXI_PARAMETER                     ; altsyncram_nfu3      ; Untyped                      ;
+------------------------------------+----------------------+------------------------------+
Note: In order to hide this table in the UI and the text report file, please set the "Show Parameter Settings in Synthesis Report" option in "Analysis and Synthesis Settings -> More Settings" to "Off".


+-----------------------------------------------------------------------------------------+
; altsyncram Parameter Settings by Entity Instance                                        ;
+-------------------------------------------+---------------------------------------------+
; Name                                      ; Value                                       ;
+-------------------------------------------+---------------------------------------------+
; Number of entity instances                ; 1                                           ;
; Entity Instance                           ; ramo:inst54|altsyncram:altsyncram_component ;
;     -- OPERATION_MODE                     ; DUAL_PORT                                   ;
;     -- WIDTH_A                            ; 16                                          ;
;     -- NUMWORDS_A                         ; 65536                                       ;
;     -- OUTDATA_REG_A                      ; UNREGISTERED                                ;
;     -- WIDTH_B                            ; 16                                          ;
;     -- NUMWORDS_B                         ; 65536                                       ;
;     -- ADDRESS_REG_B                      ; CLOCK0                                      ;
;     -- OUTDATA_REG_B                      ; CLOCK0                                      ;
;     -- RAM_BLOCK_TYPE                     ; AUTO                                        ;
;     -- READ_DURING_WRITE_MODE_MIXED_PORTS ; DONT_CARE                                   ;
+-------------------------------------------+---------------------------------------------+


+-----------------------------------------------------+
; Post-Synthesis Netlist Statistics for Top Partition ;
+-----------------------+-----------------------------+
; Type                  ; Count                       ;
+-----------------------+-----------------------------+
; arriav_ff             ; 23                          ;
;     plain             ; 23                          ;
; arriav_lcell_comb     ; 97                          ;
;     normal            ; 97                          ;
;         0 data inputs ; 2                           ;
;         1 data inputs ; 28                          ;
;         2 data inputs ; 3                           ;
;         3 data inputs ; 24                          ;
;         4 data inputs ; 8                           ;
;         6 data inputs ; 32                          ;
; boundary_port         ; 62                          ;
; stratixv_ram_block    ; 128                         ;
;                       ;                             ;
; Max LUT depth         ; 3.00                        ;
; Average LUT depth     ; 2.33                        ;
+-----------------------+-----------------------------+


+-------------------------------+
; Elapsed Time Per Partition    ;
+----------------+--------------+
; Partition Name ; Elapsed Time ;
+----------------+--------------+
; Top            ; 00:00:00     ;
+----------------+--------------+


+-------------------------------+
; Analysis & Synthesis Messages ;
+-------------------------------+
Info: *******************************************************************
Info: Running Quartus Prime Analysis & Synthesis
    Info: Version 20.1.1 Build 720 11/11/2020 SJ Lite Edition
    Info: Processing started: Fri Oct 14 16:55:04 2022
Info: Command: quartus_map --read_settings_files=on --write_settings_files=off ram_mod -c ram_mod
Warning (18236): Number of processors has not been specified which may cause overloading on shared machines.  Set the global assignment NUM_PARALLEL_PROCESSORS in your QSF to an appropriate value for best performance.
Info (20030): Parallel compilation is enabled and will use 4 of the 4 processors detected
Info (12021): Found 4 design units, including 2 entities, in source file rami.vhd
    Info (12022): Found design unit 1: rami_meminit_8ok-RTL File: C:/Users/dudkr/Desktop/16 bit computer/A- current/Fpga implementation/16_bit/rami.vhd Line: 60
    Info (12022): Found design unit 2: rami-RTL File: C:/Users/dudkr/Desktop/16 bit computer/A- current/Fpga implementation/16_bit/rami.vhd Line: 312
    Info (12023): Found entity 1: rami_meminit_8ok File: C:/Users/dudkr/Desktop/16 bit computer/A- current/Fpga implementation/16_bit/rami.vhd Line: 47
    Info (12023): Found entity 2: rami File: C:/Users/dudkr/Desktop/16 bit computer/A- current/Fpga implementation/16_bit/rami.vhd Line: 298
Info (12021): Found 2 design units, including 1 entities, in source file ramo.vhd
    Info (12022): Found design unit 1: ramo-SYN File: C:/Users/dudkr/Desktop/16 bit computer/A- current/Fpga implementation/16_bit/ramo.vhd Line: 56
    Info (12023): Found entity 1: ramo File: C:/Users/dudkr/Desktop/16 bit computer/A- current/Fpga implementation/16_bit/ramo.vhd Line: 43
Warning (12125): Using design file ram_mod.bdf, which is not specified as a design file for the current project, but contains definitions for 1 design units and 1 entities in project
    Info (12023): Found entity 1: ram_mod
Info (12127): Elaborating entity "ram_mod" for the top level hierarchy
Warning (275009): Pin "sw8" not connected
Warning (12125): Using design file bus_split.vhd, which is not specified as a design file for the current project, but contains definitions for 2 design units and 1 entities in project
    Info (12022): Found design unit 1: bus_split-LogicFunc File: C:/Users/dudkr/Desktop/16 bit computer/A- current/Fpga implementation/16_bit/bus_split.vhd Line: 31
    Info (12023): Found entity 1: bus_split File: C:/Users/dudkr/Desktop/16 bit computer/A- current/Fpga implementation/16_bit/bus_split.vhd Line: 7
Info (12128): Elaborating entity "bus_split" for hierarchy "bus_split:inst2"
Info (12128): Elaborating entity "ramo" for hierarchy "ramo:inst54"
Info (12128): Elaborating entity "altsyncram" for hierarchy "ramo:inst54|altsyncram:altsyncram_component" File: C:/Users/dudkr/Desktop/16 bit computer/A- current/Fpga implementation/16_bit/ramo.vhd Line: 63
Info (12130): Elaborated megafunction instantiation "ramo:inst54|altsyncram:altsyncram_component" File: C:/Users/dudkr/Desktop/16 bit computer/A- current/Fpga implementation/16_bit/ramo.vhd Line: 63
Info (12133): Instantiated megafunction "ramo:inst54|altsyncram:altsyncram_component" with the following parameter: File: C:/Users/dudkr/Desktop/16 bit computer/A- current/Fpga implementation/16_bit/ramo.vhd Line: 63
    Info (12134): Parameter "address_aclr_a" = "UNUSED"
    Info (12134): Parameter "address_aclr_b" = "NONE"
    Info (12134): Parameter "address_reg_b" = "CLOCK0"
    Info (12134): Parameter "byte_size" = "8"
    Info (12134): Parameter "byteena_aclr_a" = "UNUSED"
    Info (12134): Parameter "byteena_aclr_b" = "NONE"
    Info (12134): Parameter "byteena_reg_b" = "CLOCK1"
    Info (12134): Parameter "clock_enable_core_a" = "USE_INPUT_CLKEN"
    Info (12134): Parameter "clock_enable_core_b" = "USE_INPUT_CLKEN"
    Info (12134): Parameter "clock_enable_input_a" = "BYPASS"
    Info (12134): Parameter "clock_enable_input_b" = "BYPASS"
    Info (12134): Parameter "clock_enable_output_a" = "NORMAL"
    Info (12134): Parameter "clock_enable_output_b" = "BYPASS"
    Info (12134): Parameter "intended_device_family" = "Cyclone V"
    Info (12134): Parameter "ecc_pipeline_stage_enabled" = "FALSE"
    Info (12134): Parameter "enable_ecc" = "FALSE"
    Info (12134): Parameter "implement_in_les" = "OFF"
    Info (12134): Parameter "indata_aclr_a" = "UNUSED"
    Info (12134): Parameter "indata_aclr_b" = "NONE"
    Info (12134): Parameter "indata_reg_b" = "CLOCK1"
    Info (12134): Parameter "init_file" = "UNUSED"
    Info (12134): Parameter "init_file_layout" = "PORT_A"
    Info (12134): Parameter "maximum_depth" = "0"
    Info (12134): Parameter "numwords_a" = "65536"
    Info (12134): Parameter "numwords_b" = "65536"
    Info (12134): Parameter "operation_mode" = "DUAL_PORT"
    Info (12134): Parameter "outdata_aclr_a" = "NONE"
    Info (12134): Parameter "outdata_aclr_b" = "NONE"
    Info (12134): Parameter "outdata_reg_a" = "UNREGISTERED"
    Info (12134): Parameter "outdata_reg_b" = "CLOCK0"
    Info (12134): Parameter "power_up_uninitialized" = "FALSE"
    Info (12134): Parameter "ram_block_type" = "AUTO"
    Info (12134): Parameter "rdcontrol_aclr_b" = "NONE"
    Info (12134): Parameter "rdcontrol_reg_b" = "CLOCK1"
    Info (12134): Parameter "read_during_write_mode_mixed_ports" = "DONT_CARE"
    Info (12134): Parameter "read_during_write_mode_port_a" = "NEW_DATA_NO_NBE_READ"
    Info (12134): Parameter "read_during_write_mode_port_b" = "NEW_DATA_NO_NBE_READ"
    Info (12134): Parameter "stratixiv_m144k_allow_dual_clocks" = "ON"
    Info (12134): Parameter "width_a" = "16"
    Info (12134): Parameter "width_b" = "16"
    Info (12134): Parameter "width_byteena_a" = "1"
    Info (12134): Parameter "width_byteena_b" = "1"
    Info (12134): Parameter "width_eccstatus" = "3"
    Info (12134): Parameter "widthad_a" = "16"
    Info (12134): Parameter "widthad_b" = "16"
    Info (12134): Parameter "wrcontrol_aclr_a" = "UNUSED"
    Info (12134): Parameter "wrcontrol_aclr_b" = "NONE"
    Info (12134): Parameter "wrcontrol_wraddress_reg_b" = "CLOCK1"
    Info (12134): Parameter "lpm_hint" = "UNUSED"
    Info (12134): Parameter "lpm_type" = "altsyncram"
Info (12021): Found 1 design units, including 1 entities, in source file db/altsyncram_nfu3.tdf
    Info (12023): Found entity 1: altsyncram_nfu3 File: C:/Users/dudkr/Desktop/16 bit computer/A- current/Fpga implementation/16_bit/db/altsyncram_nfu3.tdf Line: 34
Info (12128): Elaborating entity "altsyncram_nfu3" for hierarchy "ramo:inst54|altsyncram:altsyncram_component|altsyncram_nfu3:auto_generated" File: c:/intelfpga_lite/20.1/quartus/libraries/megafunctions/altsyncram.tdf Line: 792
Info (12021): Found 1 design units, including 1 entities, in source file db/decode_dla.tdf
    Info (12023): Found entity 1: decode_dla File: C:/Users/dudkr/Desktop/16 bit computer/A- current/Fpga implementation/16_bit/db/decode_dla.tdf Line: 23
Info (12128): Elaborating entity "decode_dla" for hierarchy "ramo:inst54|altsyncram:altsyncram_component|altsyncram_nfu3:auto_generated|decode_dla:decode2" File: C:/Users/dudkr/Desktop/16 bit computer/A- current/Fpga implementation/16_bit/db/altsyncram_nfu3.tdf Line: 46
Info (12021): Found 1 design units, including 1 entities, in source file db/decode_61a.tdf
    Info (12023): Found entity 1: decode_61a File: C:/Users/dudkr/Desktop/16 bit computer/A- current/Fpga implementation/16_bit/db/decode_61a.tdf Line: 23
Info (12128): Elaborating entity "decode_61a" for hierarchy "ramo:inst54|altsyncram:altsyncram_component|altsyncram_nfu3:auto_generated|decode_61a:rden_decode_b" File: C:/Users/dudkr/Desktop/16 bit computer/A- current/Fpga implementation/16_bit/db/altsyncram_nfu3.tdf Line: 47
Info (12021): Found 1 design units, including 1 entities, in source file db/mux_chb.tdf
    Info (12023): Found entity 1: mux_chb File: C:/Users/dudkr/Desktop/16 bit computer/A- current/Fpga implementation/16_bit/db/mux_chb.tdf Line: 23
Info (12128): Elaborating entity "mux_chb" for hierarchy "ramo:inst54|altsyncram:altsyncram_component|altsyncram_nfu3:auto_generated|mux_chb:mux3" File: C:/Users/dudkr/Desktop/16 bit computer/A- current/Fpga implementation/16_bit/db/altsyncram_nfu3.tdf Line: 49
Warning (12125): Using design file bus_split_out.vhd, which is not specified as a design file for the current project, but contains definitions for 2 design units and 1 entities in project
    Info (12022): Found design unit 1: bus_split_out-LogicFunc File: C:/Users/dudkr/Desktop/16 bit computer/A- current/Fpga implementation/16_bit/bus_split_out.vhd Line: 31
    Info (12023): Found entity 1: bus_split_out File: C:/Users/dudkr/Desktop/16 bit computer/A- current/Fpga implementation/16_bit/bus_split_out.vhd Line: 7
Info (12128): Elaborating entity "bus_split_out" for hierarchy "bus_split_out:ascasc"
Info (12128): Elaborating entity "DEC38" for hierarchy "DEC38:inst81"
Info (12130): Elaborated megafunction instantiation "DEC38:inst81"
Warning (12125): Using design file in_mod.bdf, which is not specified as a design file for the current project, but contains definitions for 1 design units and 1 entities in project
    Info (12023): Found entity 1: in_mod
Info (12128): Elaborating entity "in_mod" for hierarchy "in_mod:SsfvD"
Warning (275008): Primitive "NOT" of instance "inst16" not used
Warning (275008): Primitive "NOT" of instance "inst17" not used
Warning (275008): Primitive "NOT" of instance "inst18" not used
Warning (275008): Primitive "NOT" of instance "inst19" not used
Warning (275008): Primitive "NOT" of instance "inst20" not used
Warning (275008): Primitive "NOT" of instance "inst21" not used
Warning (275008): Primitive "NOT" of instance "inst22" not used
Warning (275008): Primitive "NOT" of instance "inst23" not used
Warning (275008): Primitive "NOT" of instance "inst24" not used
Warning (275008): Primitive "NOT" of instance "inst25" not used
Warning (275008): Primitive "AND2" of instance "inst71" not used
Warning (275008): Primitive "AND2" of instance "inst72" not used
Warning (12125): Using design file eightbitff.bdf, which is not specified as a design file for the current project, but contains definitions for 1 design units and 1 entities in project
    Info (12023): Found entity 1: eightbitff
Info (12128): Elaborating entity "eightbitff" for hierarchy "in_mod:SsfvD|eightbitff:inst4"
Warning (12125): Using design file b16_en.vhd, which is not specified as a design file for the current project, but contains definitions for 2 design units and 1 entities in project
    Info (12022): Found design unit 1: b16_en-LogicFunc File: C:/Users/dudkr/Desktop/16 bit computer/A- current/Fpga implementation/16_bit/b16_en.vhd Line: 39
    Info (12023): Found entity 1: b16_en File: C:/Users/dudkr/Desktop/16 bit computer/A- current/Fpga implementation/16_bit/b16_en.vhd Line: 13
Info (12128): Elaborating entity "b16_en" for hierarchy "in_mod:SsfvD|b16_en:inst84"
Warning (12125): Using design file b16_or.vhd, which is not specified as a design file for the current project, but contains definitions for 2 design units and 1 entities in project
    Info (12022): Found design unit 1: b16_or-LogicFunc File: C:/Users/dudkr/Desktop/16 bit computer/A- current/Fpga implementation/16_bit/b16_or.vhd Line: 31
    Info (12023): Found entity 1: b16_or File: C:/Users/dudkr/Desktop/16 bit computer/A- current/Fpga implementation/16_bit/b16_or.vhd Line: 8
Info (12128): Elaborating entity "b16_or" for hierarchy "in_mod:SsfvD|b16_or:inst85"
Warning (13024): Output pins are stuck at VCC or GND
    Warning (13410): Pin "LEDR6" is stuck at GND
    Warning (13410): Pin "LEDR7" is stuck at GND
    Warning (13410): Pin "HEX27" is stuck at VCC
    Warning (13410): Pin "HEX28" is stuck at VCC
    Warning (13410): Pin "HEX29" is stuck at VCC
    Warning (13410): Pin "HEX37" is stuck at VCC
    Warning (13410): Pin "HEX38" is stuck at VCC
    Warning (13410): Pin "HEX39" is stuck at VCC
    Warning (13410): Pin "HEX40" is stuck at VCC
    Warning (13410): Pin "HEX41" is stuck at VCC
    Warning (13410): Pin "HEX42" is stuck at VCC
    Warning (13410): Pin "HEX43" is stuck at VCC
    Warning (13410): Pin "HEX44" is stuck at VCC
    Warning (13410): Pin "HEX45" is stuck at VCC
    Warning (13410): Pin "HEX46" is stuck at VCC
    Warning (13410): Pin "HEX47" is stuck at VCC
Info (286030): Timing-Driven Synthesis is running
Info (16010): Generating hard_block partition "hard_block:auto_generated_inst"
    Info (16011): Adding 0 node(s), including 0 DDIO, 0 PLL, 0 transceiver and 0 LCELL
Warning (21074): Design contains 1 input pin(s) that do not drive logic
    Warning (15610): No output dependent on input pin "sw8"
Info (21057): Implemented 281 device resources after synthesis - the final resource count might be different
    Info (21058): Implemented 14 input pins
    Info (21059): Implemented 48 output pins
    Info (21061): Implemented 91 logic cells
    Info (21064): Implemented 128 RAM segments
Info: Quartus Prime Analysis & Synthesis was successful. 0 errors, 40 warnings
    Info: Peak virtual memory: 4867 megabytes
    Info: Processing ended: Fri Oct 14 16:55:14 2022
    Info: Elapsed time: 00:00:10
    Info: Total CPU time (on all processors): 00:00:21


