Fitter report for b16_output
Thu Jun 09 22:27:42 2022
Quartus Prime Version 18.1.0 Build 625 09/12/2018 SJ Lite Edition


---------------------
; Table of Contents ;
---------------------
  1. Legal Notice
  2. Fitter Summary
  3. Fitter Settings
  4. Parallel Compilation
  5. Ignored Assignments
  6. Fitter Resource Usage Summary
  7. Input Pins
  8. Output Pins
  9. I/O Bank Usage
 10. All Package Pins
 11. Fitter Resource Utilization by Entity
 12. Delay Chain Summary
 13. Pad To Core Delay Chain Fanout
 14. Fitter Device Options
 15. Operating Settings and Conditions
 16. Fitter Messages



----------------
; Legal Notice ;
----------------
Copyright (C) 2018  Intel Corporation. All rights reserved.
Your use of Intel Corporation's design tools, logic functions 
and other software and tools, and its AMPP partner logic 
functions, and any output files from any of the foregoing 
(including device programming or simulation files), and any 
associated documentation or information are expressly subject 
to the terms and conditions of the Intel Program License 
Subscription Agreement, the Intel Quartus Prime License Agreement,
the Intel FPGA IP License Agreement, or other applicable license
agreement, including, without limitation, that your use is for
the sole purpose of programming logic devices manufactured by
Intel and sold by Intel or its authorized distributors.  Please
refer to the applicable agreement for further details.



+-------------------------------------------------------------------------------+
; Fitter Summary                                                                ;
+---------------------------------+---------------------------------------------+
; Fitter Status                   ; Failed - Thu Jun 09 22:27:42 2022           ;
; Quartus Prime Version           ; 18.1.0 Build 625 09/12/2018 SJ Lite Edition ;
; Revision Name                   ; b16_output                                  ;
; Top-level Entity Name           ; b16_output                                  ;
; Family                          ; Cyclone V                                   ;
; Device                          ; 5CEBA2F17A7                                 ;
; Timing Models                   ; Final                                       ;
; Logic utilization (in ALMs)     ; 0 / 9,430 ( 0 % )                           ;
; Total registers                 ; 0                                           ;
; Total pins                      ; 32 / 128 ( 25 % )                           ;
; Total virtual pins              ; 0                                           ;
; Total block memory bits         ; 0 / 1,802,240 ( 0 % )                       ;
; Total RAM Blocks                ; 0 / 176 ( 0 % )                             ;
; Total DSP Blocks                ; 0 / 25 ( 0 % )                              ;
; Total HSSI RX PCSs              ; 0                                           ;
; Total HSSI PMA RX Deserializers ; 0                                           ;
; Total HSSI TX PCSs              ; 0                                           ;
; Total HSSI PMA TX Serializers   ; 0                                           ;
; Total PLLs                      ; 0 / 4 ( 0 % )                               ;
; Total DLLs                      ; 0 / 4 ( 0 % )                               ;
+---------------------------------+---------------------------------------------+


+----------------------------------------------------------------------------------------------------------------------------------------------------+
; Fitter Settings                                                                                                                                    ;
+--------------------------------------------------------------------+---------------------------------------+---------------------------------------+
; Option                                                             ; Setting                               ; Default Value                         ;
+--------------------------------------------------------------------+---------------------------------------+---------------------------------------+
; Device                                                             ; 5CEBA2F17A7                           ;                                       ;
; Minimum Core Junction Temperature                                  ; -40                                   ;                                       ;
; Maximum Core Junction Temperature                                  ; 125                                   ;                                       ;
; Use smart compilation                                              ; Off                                   ; Off                                   ;
; Enable parallel Assembler and Timing Analyzer during compilation   ; On                                    ; On                                    ;
; Enable compact report table                                        ; Off                                   ; Off                                   ;
; Router Timing Optimization Level                                   ; Normal                                ; Normal                                ;
; Perform Clocking Topology Analysis During Routing                  ; Off                                   ; Off                                   ;
; Placement Effort Multiplier                                        ; 1.0                                   ; 1.0                                   ;
; Device initialization clock source                                 ; INIT_INTOSC                           ; INIT_INTOSC                           ;
; Optimize Hold Timing                                               ; All Paths                             ; All Paths                             ;
; Optimize Multi-Corner Timing                                       ; On                                    ; On                                    ;
; Auto RAM to MLAB Conversion                                        ; On                                    ; On                                    ;
; Equivalent RAM and MLAB Power Up                                   ; Auto                                  ; Auto                                  ;
; Equivalent RAM and MLAB Paused Read Capabilities                   ; Care                                  ; Care                                  ;
; Power Optimization During Fitting                                  ; Normal compilation                    ; Normal compilation                    ;
; SSN Optimization                                                   ; Off                                   ; Off                                   ;
; Optimize Timing                                                    ; Normal compilation                    ; Normal compilation                    ;
; Optimize Timing for ECOs                                           ; Off                                   ; Off                                   ;
; Regenerate Full Fit Report During ECO Compiles                     ; Off                                   ; Off                                   ;
; Optimize IOC Register Placement for Timing                         ; Normal                                ; Normal                                ;
; Final Placement Optimizations                                      ; Automatically                         ; Automatically                         ;
; Fitter Aggressive Routability Optimizations                        ; Automatically                         ; Automatically                         ;
; Fitter Initial Placement Seed                                      ; 1                                     ; 1                                     ;
; Periphery to Core Placement and Routing Optimization               ; Off                                   ; Off                                   ;
; Weak Pull-Up Resistor                                              ; Off                                   ; Off                                   ;
; Enable Bus-Hold Circuitry                                          ; Off                                   ; Off                                   ;
; Auto Packed Registers                                              ; Auto                                  ; Auto                                  ;
; Auto Delay Chains                                                  ; On                                    ; On                                    ;
; Auto Delay Chains for High Fanout Input Pins                       ; Off                                   ; Off                                   ;
; Treat Bidirectional Pin as Output Pin                              ; Off                                   ; Off                                   ;
; Perform Physical Synthesis for Combinational Logic for Fitting     ; Off                                   ; Off                                   ;
; Perform Physical Synthesis for Combinational Logic for Performance ; Off                                   ; Off                                   ;
; Perform Register Duplication for Performance                       ; Off                                   ; Off                                   ;
; Perform Register Retiming for Performance                          ; Off                                   ; Off                                   ;
; Perform Asynchronous Signal Pipelining                             ; Off                                   ; Off                                   ;
; Fitter Effort                                                      ; Auto Fit                              ; Auto Fit                              ;
; Physical Synthesis Effort Level                                    ; Normal                                ; Normal                                ;
; Logic Cell Insertion - Logic Duplication                           ; Auto                                  ; Auto                                  ;
; Auto Register Duplication                                          ; Auto                                  ; Auto                                  ;
; Auto Global Clock                                                  ; On                                    ; On                                    ;
; Auto Global Register Control Signals                               ; On                                    ; On                                    ;
; Reserve all unused pins                                            ; As input tri-stated with weak pull-up ; As input tri-stated with weak pull-up ;
; Synchronizer Identification                                        ; Auto                                  ; Auto                                  ;
; Enable Beneficial Skew Optimization                                ; On                                    ; On                                    ;
; Optimize Design for Metastability                                  ; On                                    ; On                                    ;
; Active Serial clock source                                         ; FREQ_100MHz                           ; FREQ_100MHz                           ;
; Force Fitter to Avoid Periphery Placement Warnings                 ; Off                                   ; Off                                   ;
; Clamping Diode                                                     ; Off                                   ; Off                                   ;
; Enable input tri-state on active configuration pins in user mode   ; Off                                   ; Off                                   ;
; Advanced Physical Optimization                                     ; On                                    ; On                                    ;
+--------------------------------------------------------------------+---------------------------------------+---------------------------------------+


+------------------------------------------+
; Parallel Compilation                     ;
+----------------------------+-------------+
; Processors                 ; Number      ;
+----------------------------+-------------+
; Number detected on machine ; 8           ;
; Maximum allowed            ; 8           ;
;                            ;             ;
; Average used               ; 1.00        ;
; Maximum used               ; 1           ;
;                            ;             ;
; Usage by Processor         ; % Time Used ;
;     Processor 1            ; 100.0%      ;
+----------------------------+-------------+


+----------------------------------------------------------------------------------------+
; Ignored Assignments                                                                    ;
+----------+----------------+--------------+------------+---------------+----------------+
; Name     ; Ignored Entity ; Ignored From ; Ignored To ; Ignored Value ; Ignored Source ;
+----------+----------------+--------------+------------+---------------+----------------+
; Location ;                ;              ; HEX10      ; PIN_AB20      ; QSF Assignment ;
; Location ;                ;              ; HEX11      ; PIN_AA19      ; QSF Assignment ;
; Location ;                ;              ; HEX12      ; PIN_AA18      ; QSF Assignment ;
; Location ;                ;              ; HEX13      ; PIN_AB18      ; QSF Assignment ;
; Location ;                ;              ; HEX14      ; PIN_AA17      ; QSF Assignment ;
; Location ;                ;              ; HEX15      ; PIN_AA17      ; QSF Assignment ;
; Location ;                ;              ; HEX16      ; PIN_U22       ; QSF Assignment ;
; Location ;                ;              ; HEX22      ; PIN_AA10      ; QSF Assignment ;
; Location ;                ;              ; HEX30      ; PIN_Y16       ; QSF Assignment ;
; Location ;                ;              ; HEX31      ; PIN_W16       ; QSF Assignment ;
; Location ;                ;              ; HEX32      ; PIN_Y17       ; QSF Assignment ;
; Location ;                ;              ; LEDR0      ; PIN_AA2       ; QSF Assignment ;
+----------+----------------+--------------+------------+---------------+----------------+


+-------------------------------------------------------------------------------------+
; Fitter Resource Usage Summary                                                       ;
+-------------------------------------------------------------+---------------+-------+
; Resource                                                    ; Usage         ; %     ;
+-------------------------------------------------------------+---------------+-------+
; Logic utilization (ALMs needed / total ALMs on device)      ; 0 / 9,430     ; 0 %   ;
; ALMs needed [=A-B+C]                                        ; 0             ;       ;
;     [A] ALMs used in final placement [=a+b+c+d]             ; 0 / 9,430     ; 0 %   ;
;         [a] ALMs used for LUT logic and registers           ; 0             ;       ;
;         [b] ALMs used for LUT logic                         ; 0             ;       ;
;         [c] ALMs used for registers                         ; 0             ;       ;
;         [d] ALMs used for memory (up to half of total ALMs) ; 0             ;       ;
;     [B] Estimate of ALMs recoverable by dense packing       ; 0 / 9,430     ; 0 %   ;
;     [C] Estimate of ALMs unavailable [=a+b+c+d]             ; 0 / 9,430     ; 0 %   ;
;         [a] Due to location constrained logic               ; 0             ;       ;
;         [b] Due to LAB-wide signal conflicts                ; 0             ;       ;
;         [c] Due to LAB input limits                         ; 0             ;       ;
;         [d] Due to virtual I/Os                             ; 0             ;       ;
;                                                             ;               ;       ;
; Difficulty packing design                                   ; No fit        ;       ;
;                                                             ;               ;       ;
; Total LABs:  partially or completely used                   ; 3 / 943       ; < 1 % ;
;     -- Logic LABs                                           ; 3             ;       ;
;     -- Memory LABs (up to half of total LABs)               ; 0             ;       ;
;                                                             ;               ;       ;
; Combinational ALUT usage for logic                          ; 0             ;       ;
;     -- 7 input functions                                    ; 0             ;       ;
;     -- 6 input functions                                    ; 0             ;       ;
;     -- 5 input functions                                    ; 0             ;       ;
;     -- 4 input functions                                    ; 0             ;       ;
;     -- <=3 input functions                                  ; 0             ;       ;
; Combinational ALUT usage for route-throughs                 ; 0             ;       ;
;                                                             ;               ;       ;
; Dedicated logic registers                                   ; 0             ;       ;
;     -- By type:                                             ;               ;       ;
;         -- Primary logic registers                          ; 0 / 18,860    ; 0 %   ;
;         -- Secondary logic registers                        ; 0 / 18,860    ; 0 %   ;
;     -- By function:                                         ;               ;       ;
;         -- Design implementation registers                  ; 0             ;       ;
;         -- Routing optimization registers                   ; 0             ;       ;
;                                                             ;               ;       ;
; Virtual pins                                                ; 0             ;       ;
; I/O pins                                                    ; 32 / 128      ; 25 %  ;
;     -- Clock pins                                           ; 0 / 5         ; 0 %   ;
;     -- Dedicated input pins                                 ; 0 / 11        ; 0 %   ;
;                                                             ;               ;       ;
; M10K blocks                                                 ; 0 / 176       ; 0 %   ;
; Total MLAB memory bits                                      ; 0             ;       ;
; Total block memory bits                                     ; 0 / 1,802,240 ; 0 %   ;
; Total block memory implementation bits                      ; 0 / 1,802,240 ; 0 %   ;
;                                                             ;               ;       ;
; Total DSP Blocks                                            ; 0 / 25        ; 0 %   ;
;                                                             ;               ;       ;
; Fractional PLLs                                             ; 0 / 4         ; 0 %   ;
; Global signals                                              ; 0             ;       ;
;     -- Global clocks                                        ; 0 / 16        ; 0 %   ;
;     -- Quadrant clocks                                      ; 0 / 88        ; 0 %   ;
; SERDES Transmitters                                         ; 0 / 68        ; 0 %   ;
; SERDES Receivers                                            ; 0 / 68        ; 0 %   ;
; JTAGs                                                       ; 0 / 1         ; 0 %   ;
; ASMI blocks                                                 ; 0 / 1         ; 0 %   ;
; CRC blocks                                                  ; 0 / 1         ; 0 %   ;
; Remote update blocks                                        ; 0 / 1         ; 0 %   ;
; Oscillator blocks                                           ; 0 / 1         ; 0 %   ;
; Impedance control blocks                                    ; 0 / 3         ; 0 %   ;
; Maximum fan-out                                             ; 1             ;       ;
; Highest non-global fan-out                                  ; 1             ;       ;
; Total fan-out                                               ; 48            ;       ;
; Average fan-out                                             ; 0.75          ;       ;
+-------------------------------------------------------------+---------------+-------+


+----------------------------------------------------------------------------------------------------------------------------------------------------------------------------------------------------------------------------------------------+
; Input Pins                                                                                                                                                                                                                                   ;
+-------+------------+----------+-----------------------+--------------------+--------+----------------+-----------------+----------+--------------+--------------+-------------+---------------------------+----------------------+-----------+
; Name  ; Pin #      ; I/O Bank ; Combinational Fan-Out ; Registered Fan-Out ; Global ; Input Register ; PCI I/O Enabled ; Bus Hold ; Weak Pull Up ; I/O Standard ; Termination ; Termination Control Block ; Location assigned by ; Slew Rate ;
+-------+------------+----------+-----------------------+--------------------+--------+----------------+-----------------+----------+--------------+--------------+-------------+---------------------------+----------------------+-----------+
; b[0]  ; Unassigned ; --       ; 1                     ; 0                  ; no     ; no             ; no              ; no       ; Off          ; None         ; Off         ; --                        ; Fitter               ; no        ;
; b[10] ; Unassigned ; --       ; 1                     ; 0                  ; no     ; no             ; no              ; no       ; Off          ; None         ; Off         ; --                        ; Fitter               ; no        ;
; b[11] ; Unassigned ; --       ; 1                     ; 0                  ; no     ; no             ; no              ; no       ; Off          ; None         ; Off         ; --                        ; Fitter               ; no        ;
; b[12] ; Unassigned ; --       ; 1                     ; 0                  ; no     ; no             ; no              ; no       ; Off          ; None         ; Off         ; --                        ; Fitter               ; no        ;
; b[13] ; Unassigned ; --       ; 1                     ; 0                  ; no     ; no             ; no              ; no       ; Off          ; None         ; Off         ; --                        ; Fitter               ; no        ;
; b[14] ; Unassigned ; --       ; 1                     ; 0                  ; no     ; no             ; no              ; no       ; Off          ; None         ; Off         ; --                        ; Fitter               ; no        ;
; b[15] ; Unassigned ; --       ; 1                     ; 0                  ; no     ; no             ; no              ; no       ; Off          ; None         ; Off         ; --                        ; Fitter               ; no        ;
; b[1]  ; Unassigned ; --       ; 1                     ; 0                  ; no     ; no             ; no              ; no       ; Off          ; None         ; Off         ; --                        ; Fitter               ; no        ;
; b[2]  ; Unassigned ; --       ; 1                     ; 0                  ; no     ; no             ; no              ; no       ; Off          ; None         ; Off         ; --                        ; Fitter               ; no        ;
; b[3]  ; Unassigned ; --       ; 1                     ; 0                  ; no     ; no             ; no              ; no       ; Off          ; None         ; Off         ; --                        ; Fitter               ; no        ;
; b[4]  ; Unassigned ; --       ; 1                     ; 0                  ; no     ; no             ; no              ; no       ; Off          ; None         ; Off         ; --                        ; Fitter               ; no        ;
; b[5]  ; Unassigned ; --       ; 1                     ; 0                  ; no     ; no             ; no              ; no       ; Off          ; None         ; Off         ; --                        ; Fitter               ; no        ;
; b[6]  ; Unassigned ; --       ; 1                     ; 0                  ; no     ; no             ; no              ; no       ; Off          ; None         ; Off         ; --                        ; Fitter               ; no        ;
; b[7]  ; Unassigned ; --       ; 1                     ; 0                  ; no     ; no             ; no              ; no       ; Off          ; None         ; Off         ; --                        ; Fitter               ; no        ;
; b[8]  ; Unassigned ; --       ; 1                     ; 0                  ; no     ; no             ; no              ; no       ; Off          ; None         ; Off         ; --                        ; Fitter               ; no        ;
; b[9]  ; Unassigned ; --       ; 1                     ; 0                  ; no     ; no             ; no              ; no       ; Off          ; None         ; Off         ; --                        ; Fitter               ; no        ;
+-------+------------+----------+-----------------------+--------------------+--------+----------------+-----------------+----------+--------------+--------------+-------------+---------------------------+----------------------+-----------+


+------------------------------------------------------------------------------------------------------------------------------------------------------------------------------------------------------------------------------------------------------------------------------------------------------------------------------------------------------------------------------------------------------------------------------+
; Output Pins                                                                                                                                                                                                                                                                                                                                                                                                                  ;
+-------+------------+----------+-----------------+------------------------+-----------+-----------------+------------+---------------+----------+--------------+--------------+------------------+-------------+---------------------------+----------------------------+-----------------------------+---------------------+-----------------------------+----------------------+----------------------+---------------------+
; Name  ; Pin #      ; I/O Bank ; Output Register ; Output Enable Register ; Slew Rate ; PCI I/O Enabled ; Open Drain ; TRI Primitive ; Bus Hold ; Weak Pull Up ; I/O Standard ; Current Strength ; Termination ; Termination Control Block ; Output Buffer Pre-emphasis ; Voltage Output Differential ; Output Buffer Delay ; Output Buffer Delay Control ; Location assigned by ; Output Enable Source ; Output Enable Group ;
+-------+------------+----------+-----------------+------------------------+-----------+-----------------+------------+---------------+----------+--------------+--------------+------------------+-------------+---------------------------+----------------------------+-----------------------------+---------------------+-----------------------------+----------------------+----------------------+---------------------+
; HEX00 ; Unassigned ; --       ; no              ; no                     ; no        ; no              ; no         ; no            ; no       ; Off          ; None         ; Default          ; Off         ; --                        ; no                         ; no                          ; 0                   ; Off                         ; User                 ; -                    ; -                   ;
; HEX01 ; Unassigned ; --       ; no              ; no                     ; no        ; no              ; no         ; no            ; no       ; Off          ; None         ; Default          ; Off         ; --                        ; no                         ; no                          ; 0                   ; Off                         ; User                 ; -                    ; -                   ;
; HEX02 ; Unassigned ; --       ; no              ; no                     ; no        ; no              ; no         ; no            ; no       ; Off          ; None         ; Default          ; Off         ; --                        ; no                         ; no                          ; 0                   ; Off                         ; User                 ; -                    ; -                   ;
; HEX03 ; Unassigned ; --       ; no              ; no                     ; no        ; no              ; no         ; no            ; no       ; Off          ; None         ; Default          ; Off         ; --                        ; no                         ; no                          ; 0                   ; Off                         ; User                 ; -                    ; -                   ;
; HEX04 ; Unassigned ; --       ; no              ; no                     ; no        ; no              ; no         ; no            ; no       ; Off          ; None         ; Default          ; Off         ; --                        ; no                         ; no                          ; 0                   ; Off                         ; User                 ; -                    ; -                   ;
; HEX05 ; Unassigned ; --       ; no              ; no                     ; no        ; no              ; no         ; no            ; no       ; Off          ; None         ; Default          ; Off         ; --                        ; no                         ; no                          ; 0                   ; Off                         ; User                 ; -                    ; -                   ;
; HEX06 ; Unassigned ; --       ; no              ; no                     ; no        ; no              ; no         ; no            ; no       ; Off          ; None         ; Default          ; Off         ; --                        ; no                         ; no                          ; 0                   ; Off                         ; User                 ; -                    ; -                   ;
; HEX2  ; Unassigned ; --       ; no              ; no                     ; no        ; no              ; no         ; no            ; no       ; Off          ; None         ; Default          ; Off         ; --                        ; no                         ; no                          ; 0                   ; Off                         ; Fitter               ; -                    ; -                   ;
; HEX20 ; Unassigned ; --       ; no              ; no                     ; no        ; no              ; no         ; no            ; no       ; Off          ; None         ; Default          ; Off         ; --                        ; no                         ; no                          ; 0                   ; Off                         ; User                 ; -                    ; -                   ;
; HEX21 ; Unassigned ; --       ; no              ; no                     ; no        ; no              ; no         ; no            ; no       ; Off          ; None         ; Default          ; Off         ; --                        ; no                         ; no                          ; 0                   ; Off                         ; User                 ; -                    ; -                   ;
; HEX23 ; Unassigned ; --       ; no              ; no                     ; no        ; no              ; no         ; no            ; no       ; Off          ; None         ; Default          ; Off         ; --                        ; no                         ; no                          ; 0                   ; Off                         ; User                 ; -                    ; -                   ;
; HEX24 ; Unassigned ; --       ; no              ; no                     ; no        ; no              ; no         ; no            ; no       ; Off          ; None         ; Default          ; Off         ; --                        ; no                         ; no                          ; 0                   ; Off                         ; User                 ; -                    ; -                   ;
; HEX25 ; Unassigned ; --       ; no              ; no                     ; no        ; no              ; no         ; no            ; no       ; Off          ; None         ; Default          ; Off         ; --                        ; no                         ; no                          ; 0                   ; Off                         ; User                 ; -                    ; -                   ;
; HEX26 ; Unassigned ; --       ; no              ; no                     ; no        ; no              ; no         ; no            ; no       ; Off          ; None         ; Default          ; Off         ; --                        ; no                         ; no                          ; 0                   ; Off                         ; User                 ; -                    ; -                   ;
; LEDR1 ; Unassigned ; --       ; no              ; no                     ; no        ; no              ; no         ; no            ; no       ; Off          ; None         ; Default          ; Off         ; --                        ; no                         ; no                          ; 0                   ; Off                         ; User                 ; -                    ; -                   ;
; LEDR2 ; Unassigned ; --       ; no              ; no                     ; no        ; no              ; no         ; no            ; no       ; Off          ; None         ; Default          ; Off         ; --                        ; no                         ; no                          ; 0                   ; Off                         ; User                 ; -                    ; -                   ;
+-------+------------+----------+-----------------+------------------------+-----------+-----------------+------------+---------------+----------+--------------+--------------+------------------+-------------+---------------------------+----------------------------+-----------------------------+---------------------+-----------------------------+----------------------+----------------------+---------------------+


+--------------------------------------------------------------------------+
; I/O Bank Usage                                                           ;
+----------+----------------+---------------+--------------+---------------+
; I/O Bank ; Usage          ; VCCIO Voltage ; VREF Voltage ; VCCPD Voltage ;
+----------+----------------+---------------+--------------+---------------+
; 2A       ; 0 / 16 ( 0 % ) ; --            ; --           ; 0V            ;
; 3A       ; 0 / 16 ( 0 % ) ; --            ; --           ; 0V            ;
; 3B       ; 0 / 16 ( 0 % ) ; --            ; --           ; 0V            ;
; 4A       ; 0 / 16 ( 0 % ) ; --            ; --           ; 0V            ;
; 5A       ; 0 / 16 ( 0 % ) ; --            ; --           ; 0V            ;
; 5B       ; 0 / 16 ( 0 % ) ; --            ; --           ; 0V            ;
; 7A       ; 0 / 16 ( 0 % ) ; --            ; --           ; 0V            ;
; 8A       ; 0 / 16 ( 0 % ) ; --            ; --           ; 0V            ;
; Unknown  ; 32             ; --            ;              ;               ;
+----------+----------------+---------------+--------------+---------------+


+-----------------------------------------------------------------------------------------------------------------------------------------------------------------+
; All Package Pins                                                                                                                                                ;
+----------+------------+----------+---------------------------------+--------+--------------+---------+--------------+-----------------+----------+--------------+
; Location ; Pad Number ; I/O Bank ; Pin Name/Usage                  ; Dir.   ; I/O Standard ; Voltage ; I/O Type     ; User Assignment ; Bus Hold ; Weak Pull Up ;
+----------+------------+----------+---------------------------------+--------+--------------+---------+--------------+-----------------+----------+--------------+
; A1       ;            ;          ; GND                             ;        ;              ;         ; --           ;                 ; --       ; --           ;
; A2       ;            ;          ; DNU                             ;        ;              ;         ; --           ;                 ; --       ; --           ;
; A3       ; 262        ; 8A       ; RESERVED_INPUT_WITH_WEAK_PULLUP ;        ;              ;         ; Column I/O   ;                 ; no       ; On           ;
; A4       ; 258        ; 8A       ; RESERVED_INPUT_WITH_WEAK_PULLUP ;        ;              ;         ; Column I/O   ;                 ; no       ; On           ;
; A5       ; 256        ; 8A       ; RESERVED_INPUT_WITH_WEAK_PULLUP ;        ;              ;         ; Column I/O   ;                 ; no       ; On           ;
; A6       ;            ;          ; GND                             ; gnd    ;              ;         ; --           ;                 ; --       ; --           ;
; A7       ; 257        ; 8A       ; RESERVED_INPUT_WITH_WEAK_PULLUP ;        ;              ;         ; Column I/O   ;                 ; no       ; On           ;
; A8       ; 252        ; 8A       ; RESERVED_INPUT_WITH_WEAK_PULLUP ;        ;              ;         ; Column I/O   ;                 ; no       ; On           ;
; A9       ; 254        ; 8A       ; RESERVED_INPUT_WITH_WEAK_PULLUP ;        ;              ;         ; Column I/O   ;                 ; no       ; On           ;
; A10      ; 250        ; 7A       ; RESERVED_INPUT_WITH_WEAK_PULLUP ;        ;              ;         ; Column I/O   ;                 ; no       ; On           ;
; A11      ;            ;          ; GND                             ; gnd    ;              ;         ; --           ;                 ; --       ; --           ;
; A12      ; 242        ; 7A       ; RESERVED_INPUT_WITH_WEAK_PULLUP ;        ;              ;         ; Column I/O   ;                 ; no       ; On           ;
; A13      ; 240        ; 7A       ; RESERVED_INPUT_WITH_WEAK_PULLUP ;        ;              ;         ; Column I/O   ;                 ; no       ; On           ;
; A14      ; 238        ; 7A       ; RESERVED_INPUT_WITH_WEAK_PULLUP ;        ;              ;         ; Column I/O   ;                 ; no       ; On           ;
; A15      ; 236        ; 7A       ; RESERVED_INPUT_WITH_WEAK_PULLUP ;        ;              ;         ; Column I/O   ;                 ; no       ; On           ;
; A16      ;            ;          ; GND                             ; gnd    ;              ;         ; --           ;                 ; --       ; --           ;
; B1       ;            ;          ; GND                             ; gnd    ;              ;         ; --           ;                 ; --       ; --           ;
; B2       ;            ;          ; DNU                             ;        ;              ;         ; --           ;                 ; --       ; --           ;
; B3       ; 260        ; 8A       ; RESERVED_INPUT_WITH_WEAK_PULLUP ;        ;              ;         ; Column I/O   ;                 ; no       ; On           ;
; B4       ;            ; 8A       ; VCCIO8A                         ; power  ;              ;         ; --           ;                 ; --       ; --           ;
; B5       ;            ; 8A       ; VREFB8AN0                       ; power  ;              ;         ; --           ;                 ; --       ; --           ;
; B6       ; 265        ; 8A       ; RESERVED_INPUT_WITH_WEAK_PULLUP ;        ;              ;         ; Column I/O   ;                 ; no       ; On           ;
; B7       ; 263        ; 8A       ; RESERVED_INPUT_WITH_WEAK_PULLUP ;        ;              ;         ; Column I/O   ;                 ; no       ; On           ;
; B8       ; 255        ; 8A       ; RESERVED_INPUT_WITH_WEAK_PULLUP ;        ;              ;         ; Column I/O   ;                 ; no       ; On           ;
; B9       ;            ;          ; GND                             ; gnd    ;              ;         ; --           ;                 ; --       ; --           ;
; B10      ; 248        ; 7A       ; RESERVED_INPUT_WITH_WEAK_PULLUP ;        ;              ;         ; Column I/O   ;                 ; no       ; On           ;
; B11      ; 246        ; 7A       ; RESERVED_INPUT_WITH_WEAK_PULLUP ;        ;              ;         ; Column I/O   ;                 ; no       ; On           ;
; B12      ; 244        ; 7A       ; RESERVED_INPUT_WITH_WEAK_PULLUP ;        ;              ;         ; Column I/O   ;                 ; no       ; On           ;
; B13      ;            ; 7A       ; VREFB7AN0                       ; power  ;              ;         ; --           ;                 ; --       ; --           ;
; B14      ;            ; 7A       ; VCCIO7A                         ; power  ;              ;         ; --           ;                 ; --       ; --           ;
; B15      ; 179        ; 5B       ; RESERVED_INPUT_WITH_WEAK_PULLUP ;        ;              ;         ; Row I/O      ;                 ; no       ; On           ;
; B16      ; 175        ; 5B       ; RESERVED_INPUT_WITH_WEAK_PULLUP ;        ;              ;         ; Row I/O      ;                 ; no       ; On           ;
; C1       ; 284        ; 9A       ; ^CONF_DONE                      ;        ;              ;         ; --           ;                 ; --       ; --           ;
; C2       ;            ;          ; GND                             ; gnd    ;              ;         ; --           ;                 ; --       ; --           ;
; C3       ; 264        ; 8A       ; RESERVED_INPUT_WITH_WEAK_PULLUP ;        ;              ;         ; Column I/O   ;                 ; no       ; On           ;
; C4       ; 266        ; 8A       ; RESERVED_INPUT_WITH_WEAK_PULLUP ;        ;              ;         ; Column I/O   ;                 ; no       ; On           ;
; C5       ;            ; --       ; VCCBAT                          ; power  ;              ;         ; --           ;                 ; --       ; --           ;
; C6       ;            ; --       ; VCCPGM                          ; power  ;              ;         ; --           ;                 ; --       ; --           ;
; C7       ;            ; 8A       ; VCCIO8A                         ; power  ;              ;         ; --           ;                 ; --       ; --           ;
; C8       ;            ;          ; DNU                             ;        ;              ;         ; --           ;                 ; --       ; --           ;
; C9       ; 249        ; 7A       ; RESERVED_INPUT_WITH_WEAK_PULLUP ;        ;              ;         ; Column I/O   ;                 ; no       ; On           ;
; C10      ; 247        ; 7A       ; RESERVED_INPUT_WITH_WEAK_PULLUP ;        ;              ;         ; Column I/O   ;                 ; no       ; On           ;
; C11      ; 241        ; 7A       ; RESERVED_INPUT_WITH_WEAK_PULLUP ;        ;              ;         ; Column I/O   ;                 ; no       ; On           ;
; C12      ;            ; 7A       ; VCCIO7A                         ; power  ;              ;         ; --           ;                 ; --       ; --           ;
; C13      ;            ;          ; DNU                             ;        ;              ;         ; --           ;                 ; --       ; --           ;
; C14      ; 202        ; 7A       ; ^GND                            ;        ;              ;         ; --           ;                 ; --       ; --           ;
; C15      ; 181        ; 5B       ; RESERVED_INPUT_WITH_WEAK_PULLUP ;        ;              ;         ; Row I/O      ;                 ; no       ; On           ;
; C16      ; 177        ; 5B       ; RESERVED_INPUT_WITH_WEAK_PULLUP ;        ;              ;         ; Row I/O      ;                 ; no       ; On           ;
; D1       ; 286        ; 9A       ; ^nSTATUS                        ;        ;              ;         ; --           ;                 ; --       ; --           ;
; D2       ; 288        ; 9A       ; ^MSEL2                          ;        ;              ;         ; --           ;                 ; --       ; --           ;
; D3       ; 290        ; 9A       ; ^nCONFIG                        ;        ;              ;         ; --           ;                 ; --       ; --           ;
; D4       ; 292        ; 9A       ; ^GND                            ;        ;              ;         ; --           ;                 ; --       ; --           ;
; D5       ;            ;          ; GND                             ; gnd    ;              ;         ; --           ;                 ; --       ; --           ;
; D6       ;            ; --       ; VCC_AUX                         ; power  ;              ;         ; --           ;                 ; --       ; --           ;
; D7       ; 261        ; 8A       ; RESERVED_INPUT_WITH_WEAK_PULLUP ;        ;              ;         ; Column I/O   ;                 ; no       ; On           ;
; D8       ; 259        ; 8A       ; RESERVED_INPUT_WITH_WEAK_PULLUP ;        ;              ;         ; Column I/O   ;                 ; no       ; On           ;
; D9       ;            ; --       ; VCC_AUX                         ; power  ;              ;         ; --           ;                 ; --       ; --           ;
; D10      ;            ;          ; GND                             ; gnd    ;              ;         ; --           ;                 ; --       ; --           ;
; D11      ; 239        ; 7A       ; RESERVED_INPUT_WITH_WEAK_PULLUP ;        ;              ;         ; Column I/O   ;                 ; no       ; On           ;
; D12      ;            ; --       ; VCC_AUX                         ; power  ;              ;         ; --           ;                 ; --       ; --           ;
; D13      ; 176        ; 5B       ; RESERVED_INPUT_WITH_WEAK_PULLUP ;        ;              ;         ; Row I/O      ;                 ; no       ; On           ;
; D14      ; 183        ; 5B       ; RESERVED_INPUT_WITH_WEAK_PULLUP ;        ;              ;         ; Row I/O      ;                 ; no       ; On           ;
; D15      ;            ; 5B       ; VCCIO5B                         ; power  ;              ;         ; --           ;                 ; --       ; --           ;
; D16      ; 173        ; 5B       ; RESERVED_INPUT_WITH_WEAK_PULLUP ;        ;              ;         ; Row I/O      ;                 ; no       ; On           ;
; E1       ; 287        ; 9A       ; ^nCE                            ;        ;              ;         ; --           ;                 ; --       ; --           ;
; E2       ; 21         ; 2A       ; RESERVED_INPUT_WITH_WEAK_PULLUP ;        ;              ;         ; Row I/O      ;                 ; no       ; On           ;
; E3       ;            ;          ; GND                             ; gnd    ;              ;         ; --           ;                 ; --       ; --           ;
; E4       ; 285        ; 9A       ; ^MSEL1                          ;        ;              ;         ; --           ;                 ; --       ; --           ;
; E5       ; 283        ; 9A       ; ^MSEL0                          ;        ;              ;         ; --           ;                 ; --       ; --           ;
; E6       ; 289        ; 9A       ; ^MSEL3                          ;        ;              ;         ; --           ;                 ; --       ; --           ;
; E7       ;            ; 7A, 8A   ; VCCPD7A8A                       ; power  ;              ;         ; --           ;                 ; --       ; --           ;
; E8       ;            ;          ; GND                             ; gnd    ;              ;         ; --           ;                 ; --       ; --           ;
; E9       ; 245        ; 7A       ; RESERVED_INPUT_WITH_WEAK_PULLUP ;        ;              ;         ; Column I/O   ;                 ; no       ; On           ;
; E10      ; 243        ; 7A       ; RESERVED_INPUT_WITH_WEAK_PULLUP ;        ;              ;         ; Column I/O   ;                 ; no       ; On           ;
; E11      ;            ; 7A, 8A   ; VCCPD7A8A                       ; power  ;              ;         ; --           ;                 ; --       ; --           ;
; E12      ; 174        ; 5B       ; RESERVED_INPUT_WITH_WEAK_PULLUP ;        ;              ;         ; Row I/O      ;                 ; no       ; On           ;
; E13      ;            ;          ; GND                             ; gnd    ;              ;         ; --           ;                 ; --       ; --           ;
; E14      ;            ; 5B       ; VREFB5BN0                       ; power  ;              ;         ; --           ;                 ; --       ; --           ;
; E15      ; 185        ; 5B       ; RESERVED_INPUT_WITH_WEAK_PULLUP ;        ;              ;         ; Row I/O      ;                 ; no       ; On           ;
; E16      ; 171        ; 5B       ; RESERVED_INPUT_WITH_WEAK_PULLUP ;        ;              ;         ; Row I/O      ;                 ; no       ; On           ;
; F1       ;            ;          ; GND                             ; gnd    ;              ;         ; --           ;                 ; --       ; --           ;
; F2       ; 23         ; 2A       ; RESERVED_INPUT_WITH_WEAK_PULLUP ;        ;              ;         ; Row I/O      ;                 ; no       ; On           ;
; F3       ; 16         ; 2A       ; RESERVED_INPUT_WITH_WEAK_PULLUP ;        ;              ;         ; Row I/O      ;                 ; no       ; On           ;
; F4       ; 18         ; 2A       ; RESERVED_INPUT_WITH_WEAK_PULLUP ;        ;              ;         ; Row I/O      ;                 ; no       ; On           ;
; F5       ;            ; --       ; VCCA_FPLL                       ; power  ;              ;         ; --           ;                 ; --       ; --           ;
; F6       ; 291        ; 9A       ; ^MSEL4                          ;        ;              ;         ; --           ;                 ; --       ; --           ;
; F7       ; 253        ; 8A       ; RESERVED_INPUT_WITH_WEAK_PULLUP ;        ;              ;         ; Column I/O   ;                 ; no       ; On           ;
; F8       ; 251        ; 8A       ; RESERVED_INPUT_WITH_WEAK_PULLUP ;        ;              ;         ; Column I/O   ;                 ; no       ; On           ;
; F9       ;            ; --       ; VCC                             ; power  ;              ;         ; --           ;                 ; --       ; --           ;
; F10      ; 237        ; 7A       ; RESERVED_INPUT_WITH_WEAK_PULLUP ;        ;              ;         ; Column I/O   ;                 ; no       ; On           ;
; F11      ; 235        ; 7A       ; RESERVED_INPUT_WITH_WEAK_PULLUP ;        ;              ;         ; Column I/O   ;                 ; no       ; On           ;
; F12      ; 170        ; 5B       ; RESERVED_INPUT_WITH_WEAK_PULLUP ;        ;              ;         ; Row I/O      ;                 ; no       ; On           ;
; F13      ;            ; --       ; VCCA_FPLL                       ; power  ;              ;         ; --           ;                 ; --       ; --           ;
; F14      ; 182        ; 5B       ; RESERVED_INPUT_WITH_WEAK_PULLUP ;        ;              ;         ; Row I/O      ;                 ; no       ; On           ;
; F15      ; 184        ; 5B       ; RESERVED_INPUT_WITH_WEAK_PULLUP ;        ;              ;         ; Row I/O      ;                 ; no       ; On           ;
; F16      ;            ;          ; GND                             ; gnd    ;              ;         ; --           ;                 ; --       ; --           ;
; G1       ; 24         ; 2A       ; RESERVED_INPUT_WITH_WEAK_PULLUP ;        ;              ;         ; Row I/O      ;                 ; no       ; On           ;
; G2       ; 26         ; 2A       ; RESERVED_INPUT_WITH_WEAK_PULLUP ;        ;              ;         ; Row I/O      ;                 ; no       ; On           ;
; G3       ; 17         ; 2A       ; RESERVED_INPUT_WITH_WEAK_PULLUP ;        ;              ;         ; Row I/O      ;                 ; no       ; On           ;
; G4       ;            ;          ; GND                             ; gnd    ;              ;         ; --           ;                 ; --       ; --           ;
; G5       ;            ; --       ; VCCA_FPLL                       ; power  ;              ;         ; --           ;                 ; --       ; --           ;
; G6       ;            ; --       ; VCC                             ; power  ;              ;         ; --           ;                 ; --       ; --           ;
; G7       ;            ;          ; GND                             ; gnd    ;              ;         ; --           ;                 ; --       ; --           ;
; G8       ;            ; --       ; VCC                             ; power  ;              ;         ; --           ;                 ; --       ; --           ;
; G9       ;            ;          ; GND                             ; gnd    ;              ;         ; --           ;                 ; --       ; --           ;
; G10      ;            ; --       ; VCC                             ; power  ;              ;         ; --           ;                 ; --       ; --           ;
; G11      ;            ;          ; GND                             ; gnd    ;              ;         ; --           ;                 ; --       ; --           ;
; G12      ; 172        ; 5B       ; RESERVED_INPUT_WITH_WEAK_PULLUP ;        ;              ;         ; Row I/O      ;                 ; no       ; On           ;
; G13      ; 180        ; 5B       ; RESERVED_INPUT_WITH_WEAK_PULLUP ;        ;              ;         ; Row I/O      ;                 ; no       ; On           ;
; G14      ;            ; 5B       ; VCCIO5B                         ; power  ;              ;         ; --           ;                 ; --       ; --           ;
; G15      ; 162        ; 5A       ; RESERVED_INPUT_WITH_WEAK_PULLUP ;        ;              ;         ; Row I/O      ;                 ; no       ; On           ;
; G16      ; 164        ; 5A       ; RESERVED_INPUT_WITH_WEAK_PULLUP ;        ;              ;         ; Row I/O      ;                 ; no       ; On           ;
; H1       ; 29         ; 2A       ; RESERVED_INPUT_WITH_WEAK_PULLUP ;        ;              ;         ; Row I/O      ;                 ; no       ; On           ;
; H2       ;            ; 2A       ; VCCIO2A                         ; power  ;              ;         ; --           ;                 ; --       ; --           ;
; H3       ; 19         ; 2A       ; RESERVED_INPUT_WITH_WEAK_PULLUP ;        ;              ;         ; Row I/O      ;                 ; no       ; On           ;
; H4       ; 20         ; 2A       ; RESERVED_INPUT_WITH_WEAK_PULLUP ;        ;              ;         ; Row I/O      ;                 ; no       ; On           ;
; H5       ; 22         ; 2A       ; RESERVED_INPUT_WITH_WEAK_PULLUP ;        ;              ;         ; Row I/O      ;                 ; no       ; On           ;
; H6       ;            ;          ; GND                             ; gnd    ;              ;         ; --           ;                 ; --       ; --           ;
; H7       ;            ; --       ; VCC                             ; power  ;              ;         ; --           ;                 ; --       ; --           ;
; H8       ;            ;          ; GND                             ; gnd    ;              ;         ; --           ;                 ; --       ; --           ;
; H9       ;            ; --       ; VCC                             ; power  ;              ;         ; --           ;                 ; --       ; --           ;
; H10      ;            ;          ; GND                             ; gnd    ;              ;         ; --           ;                 ; --       ; --           ;
; H11      ;            ; --       ; VCC                             ; power  ;              ;         ; --           ;                 ; --       ; --           ;
; H12      ;            ;          ; GND                             ; gnd    ;              ;         ; --           ;                 ; --       ; --           ;
; H13      ; 178        ; 5B       ; RESERVED_INPUT_WITH_WEAK_PULLUP ;        ;              ;         ; Row I/O      ;                 ; no       ; On           ;
; H14      ;            ; 5B       ; VCCPD5B                         ; power  ;              ;         ; --           ;                 ; --       ; --           ;
; H15      ; 168        ; 5A       ; RESERVED_INPUT_WITH_WEAK_PULLUP ;        ;              ;         ; Row I/O      ;                 ; no       ; On           ;
; H16      ; 158        ; 5A       ; RESERVED_INPUT_WITH_WEAK_PULLUP ;        ;              ;         ; Row I/O      ;                 ; no       ; On           ;
; J1       ; 31         ; 2A       ; RESERVED_INPUT_WITH_WEAK_PULLUP ;        ;              ;         ; Row I/O      ;                 ; no       ; On           ;
; J2       ; 25         ; 2A       ; RESERVED_INPUT_WITH_WEAK_PULLUP ;        ;              ;         ; Row I/O      ;                 ; no       ; On           ;
; J3       ; 27         ; 2A       ; RESERVED_INPUT_WITH_WEAK_PULLUP ;        ;              ;         ; Row I/O      ;                 ; no       ; On           ;
; J4       ;            ; 1A, 2A   ; VCCPD1A2A                       ; power  ;              ;         ; --           ;                 ; --       ; --           ;
; J5       ;            ;          ; GND                             ; gnd    ;              ;         ; --           ;                 ; --       ; --           ;
; J6       ;            ; --       ; VCC                             ; power  ;              ;         ; --           ;                 ; --       ; --           ;
; J7       ;            ;          ; GND                             ; gnd    ;              ;         ; --           ;                 ; --       ; --           ;
; J8       ;            ; --       ; VCC                             ; power  ;              ;         ; --           ;                 ; --       ; --           ;
; J9       ;            ;          ; GND                             ; gnd    ;              ;         ; --           ;                 ; --       ; --           ;
; J10      ;            ; --       ; VCC                             ; power  ;              ;         ; --           ;                 ; --       ; --           ;
; J11      ;            ;          ; GND                             ; gnd    ;              ;         ; --           ;                 ; --       ; --           ;
; J12      ; 165        ; 5A       ; RESERVED_INPUT_WITH_WEAK_PULLUP ;        ;              ;         ; Row I/O      ;                 ; no       ; On           ;
; J13      ;            ; 5A       ; VCCPD5A                         ; power  ;              ;         ; --           ;                 ; --       ; --           ;
; J14      ; 166        ; 5A       ; RESERVED_INPUT_WITH_WEAK_PULLUP ;        ;              ;         ; Row I/O      ;                 ; no       ; On           ;
; J15      ;            ; 5A       ; VCCIO5A                         ; power  ;              ;         ; --           ;                 ; --       ; --           ;
; J16      ; 160        ; 5A       ; RESERVED_INPUT_WITH_WEAK_PULLUP ;        ;              ;         ; Row I/O      ;                 ; no       ; On           ;
; K1       ; 55         ; 3A       ; ^AS_DATA1, DATA1                ;        ;              ;         ; Weak Pull Up ;                 ; --       ; On           ;
; K2       ;            ; 2A       ; VREFB2AN0                       ; power  ;              ;         ; --           ;                 ; --       ; --           ;
; K3       ;            ; 2A       ; VCCIO2A                         ; power  ;              ;         ; --           ;                 ; --       ; --           ;
; K4       ; 28         ; 2A       ; RESERVED_INPUT_WITH_WEAK_PULLUP ;        ;              ;         ; Row I/O      ;                 ; no       ; On           ;
; K5       ; 30         ; 2A       ; RESERVED_INPUT_WITH_WEAK_PULLUP ;        ;              ;         ; Row I/O      ;                 ; no       ; On           ;
; K6       ;            ;          ; GND                             ; gnd    ;              ;         ; --           ;                 ; --       ; --           ;
; K7       ;            ; --       ; VCC                             ; power  ;              ;         ; --           ;                 ; --       ; --           ;
; K8       ;            ;          ; GND                             ; gnd    ;              ;         ; --           ;                 ; --       ; --           ;
; K9       ;            ; --       ; VCC                             ; power  ;              ;         ; --           ;                 ; --       ; --           ;
; K10      ;            ;          ; GND                             ; gnd    ;              ;         ; --           ;                 ; --       ; --           ;
; K11      ;            ; --       ; VCC                             ; power  ;              ;         ; --           ;                 ; --       ; --           ;
; K12      ; 163        ; 5A       ; RESERVED_INPUT_WITH_WEAK_PULLUP ;        ;              ;         ; Row I/O      ;                 ; no       ; On           ;
; K13      ;            ;          ; GND                             ; gnd    ;              ;         ; --           ;                 ; --       ; --           ;
; K14      ; 157        ; 5A       ; RESERVED_INPUT_WITH_WEAK_PULLUP ;        ;              ;         ; Row I/O      ;                 ; no       ; On           ;
; K15      ; 167        ; 5A       ; RESERVED_INPUT_WITH_WEAK_PULLUP ;        ;              ;         ; Row I/O      ;                 ; no       ; On           ;
; K16      ; 169        ; 5A       ; RESERVED_INPUT_WITH_WEAK_PULLUP ;        ;              ;         ; Row I/O      ;                 ; no       ; On           ;
; L1       ;            ;          ; GND                             ; gnd    ;              ;         ; --           ;                 ; --       ; --           ;
; L2       ; 53         ; 3A       ; ^AS_DATA2, DATA2                ;        ;              ;         ; Weak Pull Up ;                 ; --       ; On           ;
; L3       ; 49         ; 3A       ; ^nCSO, DATA4                    ;        ;              ;         ; Weak Pull Up ;                 ; --       ; On           ;
; L4       ; 54         ; 3A       ; #TDI                            ; input  ;              ;         ; --           ;                 ; --       ; --           ;
; L5       ;            ; --       ; VCCA_FPLL                       ; power  ;              ;         ; --           ;                 ; --       ; --           ;
; L6       ; 50         ; 3A       ; #TMS                            ; input  ;              ;         ; --           ;                 ; --       ; --           ;
; L7       ; 64         ; 3A       ; RESERVED_INPUT_WITH_WEAK_PULLUP ;        ;              ;         ; Column I/O   ;                 ; no       ; On           ;
; L8       ;            ; --       ; VCC                             ; power  ;              ;         ; --           ;                 ; --       ; --           ;
; L9       ; 96         ; 3B       ; RESERVED_INPUT_WITH_WEAK_PULLUP ;        ;              ;         ; Column I/O   ;                 ; no       ; On           ;
; L10      ; 112        ; 4A       ; RESERVED_INPUT_WITH_WEAK_PULLUP ;        ;              ;         ; Column I/O   ;                 ; no       ; On           ;
; L11      ;            ;          ; GND                             ; gnd    ;              ;         ; --           ;                 ; --       ; --           ;
; L12      ;            ; --       ; VCCA_FPLL                       ; power  ;              ;         ; --           ;                 ; --       ; --           ;
; L13      ; 155        ; 5A       ; RESERVED_INPUT_WITH_WEAK_PULLUP ;        ;              ;         ; Row I/O      ;                 ; no       ; On           ;
; L14      ; 159        ; 5A       ; RESERVED_INPUT_WITH_WEAK_PULLUP ;        ;              ;         ; Row I/O      ;                 ; no       ; On           ;
; L15      ; 161        ; 5A       ; RESERVED_INPUT_WITH_WEAK_PULLUP ;        ;              ;         ; Row I/O      ;                 ; no       ; On           ;
; L16      ;            ; 5A       ; VCCIO5A                         ; power  ;              ;         ; --           ;                 ; --       ; --           ;
; M1       ; 57         ; 3A       ; ^AS_DATA0, ASDO, DATA0          ;        ;              ;         ; Weak Pull Up ;                 ; --       ; On           ;
; M2       ; 51         ; 3A       ; ^AS_DATA3, DATA3                ;        ;              ;         ; Weak Pull Up ;                 ; --       ; On           ;
; M3       ; 52         ; 3A       ; #TCK                            ; input  ;              ;         ; --           ;                 ; --       ; --           ;
; M4       ;            ;          ; GND                             ; gnd    ;              ;         ; --           ;                 ; --       ; --           ;
; M5       ; 56         ; 3A       ; ^DCLK                           ;        ;              ;         ; Weak Pull Up ;                 ; --       ; On           ;
; M6       ; 48         ; 3A       ; #TDO                            ; output ;              ;         ; --           ;                 ; --       ; --           ;
; M7       ; 62         ; 3A       ; RESERVED_INPUT_WITH_WEAK_PULLUP ;        ;              ;         ; Column I/O   ;                 ; no       ; On           ;
; M8       ; 94         ; 3B       ; RESERVED_INPUT_WITH_WEAK_PULLUP ;        ;              ;         ; Column I/O   ;                 ; no       ; On           ;
; M9       ;            ;          ; GND                             ; gnd    ;              ;         ; --           ;                 ; --       ; --           ;
; M10      ; 110        ; 4A       ; RESERVED_INPUT_WITH_WEAK_PULLUP ;        ;              ;         ; Column I/O   ;                 ; no       ; On           ;
; M11      ; 117        ; 4A       ; RESERVED_INPUT_WITH_WEAK_PULLUP ;        ;              ;         ; Column I/O   ;                 ; no       ; On           ;
; M12      ; 115        ; 4A       ; RESERVED_INPUT_WITH_WEAK_PULLUP ;        ;              ;         ; Column I/O   ;                 ; no       ; On           ;
; M13      ; 111        ; 4A       ; RESERVED_INPUT_WITH_WEAK_PULLUP ;        ;              ;         ; Column I/O   ;                 ; no       ; On           ;
; M14      ;            ;          ; GND                             ; gnd    ;              ;         ; --           ;                 ; --       ; --           ;
; M15      ;            ; --       ; VCCPGM                          ; power  ;              ;         ; --           ;                 ; --       ; --           ;
; M16      ;            ; 5A       ; VREFB5AN0                       ; power  ;              ;         ; --           ;                 ; --       ; --           ;
; N1       ; 59         ; 3A       ; RESERVED_INPUT_WITH_WEAK_PULLUP ;        ;              ;         ; Column I/O   ;                 ; no       ; On           ;
; N2       ;            ;          ; GND                             ; gnd    ;              ;         ; --           ;                 ; --       ; --           ;
; N3       ; 68         ; 3A       ; RESERVED_INPUT_WITH_WEAK_PULLUP ;        ;              ;         ; Column I/O   ;                 ; no       ; On           ;
; N4       ; 58         ; 3A       ; RESERVED_INPUT_WITH_WEAK_PULLUP ;        ;              ;         ; Column I/O   ;                 ; no       ; On           ;
; N5       ;            ; --       ; VCC_AUX                         ; power  ;              ;         ; --           ;                 ; --       ; --           ;
; N6       ;            ; 3A       ; VCCPD3A                         ; power  ;              ;         ; --           ;                 ; --       ; --           ;
; N7       ;            ; 3A       ; VCCIO3A                         ; power  ;              ;         ; --           ;                 ; --       ; --           ;
; N8       ;            ; 3B, 4A   ; VCCPD3B4A                       ; power  ;              ;         ; --           ;                 ; --       ; --           ;
; N9       ;            ; --       ; VCC_AUX                         ; power  ;              ;         ; --           ;                 ; --       ; --           ;
; N10      ;            ; 3B, 4A   ; VCCPD3B4A                       ; power  ;              ;         ; --           ;                 ; --       ; --           ;
; N11      ; 120        ; 4A       ; RESERVED_INPUT_WITH_WEAK_PULLUP ;        ;              ;         ; Column I/O   ;                 ; no       ; On           ;
; N12      ;            ; 4A       ; VCCIO4A                         ; power  ;              ;         ; --           ;                 ; --       ; --           ;
; N13      ;            ; --       ; VCC_AUX                         ; power  ;              ;         ; --           ;                 ; --       ; --           ;
; N14      ; 113        ; 4A       ; RESERVED_INPUT_WITH_WEAK_PULLUP ;        ;              ;         ; Column I/O   ;                 ; no       ; On           ;
; N15      ; 154        ; 5A       ; RESERVED_INPUT_WITH_WEAK_PULLUP ;        ;              ;         ; Row I/O      ;                 ; no       ; On           ;
; N16      ; 156        ; 5A       ; RESERVED_INPUT_WITH_WEAK_PULLUP ;        ;              ;         ; Row I/O      ;                 ; no       ; On           ;
; P1       ; 61         ; 3A       ; RESERVED_INPUT_WITH_WEAK_PULLUP ;        ;              ;         ; Column I/O   ;                 ; no       ; On           ;
; P2       ; 65         ; 3A       ; RESERVED_INPUT_WITH_WEAK_PULLUP ;        ;              ;         ; Column I/O   ;                 ; no       ; On           ;
; P3       ; 66         ; 3A       ; RESERVED_INPUT_WITH_WEAK_PULLUP ;        ;              ;         ; Column I/O   ;                 ; no       ; On           ;
; P4       ; 60         ; 3A       ; RESERVED_INPUT_WITH_WEAK_PULLUP ;        ;              ;         ; Column I/O   ;                 ; no       ; On           ;
; P5       ;            ;          ; GND                             ; gnd    ;              ;         ; --           ;                 ; --       ; --           ;
; P6       ;            ; --       ; VCCPGM                          ; power  ;              ;         ; --           ;                 ; --       ; --           ;
; P7       ; 72         ; 3A       ; RESERVED_INPUT_WITH_WEAK_PULLUP ;        ;              ;         ; Column I/O   ;                 ; no       ; On           ;
; P8       ; 93         ; 3B       ; RESERVED_INPUT_WITH_WEAK_PULLUP ;        ;              ;         ; Column I/O   ;                 ; no       ; On           ;
; P9       ; 104        ; 3B       ; RESERVED_INPUT_WITH_WEAK_PULLUP ;        ;              ;         ; Column I/O   ;                 ; no       ; On           ;
; P10      ;            ;          ; GND                             ; gnd    ;              ;         ; --           ;                 ; --       ; --           ;
; P11      ; 118        ; 4A       ; RESERVED_INPUT_WITH_WEAK_PULLUP ;        ;              ;         ; Column I/O   ;                 ; no       ; On           ;
; P12      ;            ; 4A       ; VREFB4AN0                       ; power  ;              ;         ; --           ;                 ; --       ; --           ;
; P13      ; 116        ; 4A       ; RESERVED_INPUT_WITH_WEAK_PULLUP ;        ;              ;         ; Column I/O   ;                 ; no       ; On           ;
; P14      ; 114        ; 4A       ; RESERVED_INPUT_WITH_WEAK_PULLUP ;        ;              ;         ; Column I/O   ;                 ; no       ; On           ;
; P15      ;            ; 4A       ; VCCIO4A                         ; power  ;              ;         ; --           ;                 ; --       ; --           ;
; P16      ; 108        ; 4A       ; RESERVED_INPUT_WITH_WEAK_PULLUP ;        ;              ;         ; Column I/O   ;                 ; no       ; On           ;
; R1       ; 63         ; 3A       ; RESERVED_INPUT_WITH_WEAK_PULLUP ;        ;              ;         ; Column I/O   ;                 ; no       ; On           ;
; R2       ; 69         ; 3A       ; RESERVED_INPUT_WITH_WEAK_PULLUP ;        ;              ;         ; Column I/O   ;                 ; no       ; On           ;
; R3       ;            ; 3A       ; VCCIO3A                         ; power  ;              ;         ; --           ;                 ; --       ; --           ;
; R4       ; 73         ; 3A       ; RESERVED_INPUT_WITH_WEAK_PULLUP ;        ;              ;         ; Column I/O   ;                 ; no       ; On           ;
; R5       ;            ; 3A       ; VREFB3AN0                       ; power  ;              ;         ; --           ;                 ; --       ; --           ;
; R6       ; 70         ; 3A       ; RESERVED_INPUT_WITH_WEAK_PULLUP ;        ;              ;         ; Column I/O   ;                 ; no       ; On           ;
; R7       ; 91         ; 3B       ; RESERVED_INPUT_WITH_WEAK_PULLUP ;        ;              ;         ; Column I/O   ;                 ; no       ; On           ;
; R8       ;            ; 3B       ; VCCIO3B                         ; power  ;              ;         ; --           ;                 ; --       ; --           ;
; R9       ; 102        ; 3B       ; RESERVED_INPUT_WITH_WEAK_PULLUP ;        ;              ;         ; Column I/O   ;                 ; no       ; On           ;
; R10      ; 105        ; 3B       ; RESERVED_INPUT_WITH_WEAK_PULLUP ;        ;              ;         ; Column I/O   ;                 ; no       ; On           ;
; R11      ; 98         ; 3B       ; RESERVED_INPUT_WITH_WEAK_PULLUP ;        ;              ;         ; Column I/O   ;                 ; no       ; On           ;
; R12      ; 100        ; 3B       ; RESERVED_INPUT_WITH_WEAK_PULLUP ;        ;              ;         ; Column I/O   ;                 ; no       ; On           ;
; R13      ;            ;          ; GND                             ; gnd    ;              ;         ; --           ;                 ; --       ; --           ;
; R14      ; 121        ; 4A       ; RESERVED_INPUT_WITH_WEAK_PULLUP ;        ;              ;         ; Column I/O   ;                 ; no       ; On           ;
; R15      ; 106        ; 4A       ; RESERVED_INPUT_WITH_WEAK_PULLUP ;        ;              ;         ; Column I/O   ;                 ; no       ; On           ;
; R16      ; 109        ; 4A       ; RESERVED_INPUT_WITH_WEAK_PULLUP ;        ;              ;         ; Column I/O   ;                 ; no       ; On           ;
; T1       ;            ;          ; GND                             ; gnd    ;              ;         ; --           ;                 ; --       ; --           ;
; T2       ; 67         ; 3A       ; RESERVED_INPUT_WITH_WEAK_PULLUP ;        ;              ;         ; Column I/O   ;                 ; no       ; On           ;
; T3       ; 71         ; 3A       ; RESERVED_INPUT_WITH_WEAK_PULLUP ;        ;              ;         ; Column I/O   ;                 ; no       ; On           ;
; T4       ; 92         ; 3B       ; RESERVED_INPUT_WITH_WEAK_PULLUP ;        ;              ;         ; Column I/O   ;                 ; no       ; On           ;
; T5       ; 90         ; 3B       ; RESERVED_INPUT_WITH_WEAK_PULLUP ;        ;              ;         ; Column I/O   ;                 ; no       ; On           ;
; T6       ;            ;          ; GND                             ; gnd    ;              ;         ; --           ;                 ; --       ; --           ;
; T7       ; 95         ; 3B       ; RESERVED_INPUT_WITH_WEAK_PULLUP ;        ;              ;         ; Column I/O   ;                 ; no       ; On           ;
; T8       ; 97         ; 3B       ; RESERVED_INPUT_WITH_WEAK_PULLUP ;        ;              ;         ; Column I/O   ;                 ; no       ; On           ;
; T9       ;            ; 3B       ; VREFB3BN0                       ; power  ;              ;         ; --           ;                 ; --       ; --           ;
; T10      ; 103        ; 3B       ; RESERVED_INPUT_WITH_WEAK_PULLUP ;        ;              ;         ; Column I/O   ;                 ; no       ; On           ;
; T11      ;            ; 3B       ; VCCIO3B                         ; power  ;              ;         ; --           ;                 ; --       ; --           ;
; T12      ; 99         ; 3B       ; RESERVED_INPUT_WITH_WEAK_PULLUP ;        ;              ;         ; Column I/O   ;                 ; no       ; On           ;
; T13      ; 101        ; 3B       ; RESERVED_INPUT_WITH_WEAK_PULLUP ;        ;              ;         ; Column I/O   ;                 ; no       ; On           ;
; T14      ; 119        ; 4A       ; RESERVED_INPUT_WITH_WEAK_PULLUP ;        ;              ;         ; Column I/O   ;                 ; no       ; On           ;
; T15      ; 107        ; 4A       ; RESERVED_INPUT_WITH_WEAK_PULLUP ;        ;              ;         ; Column I/O   ;                 ; no       ; On           ;
; T16      ;            ;          ; GND                             ; gnd    ;              ;         ; --           ;                 ; --       ; --           ;
+----------+------------+----------+---------------------------------+--------+--------------+---------+--------------+-----------------+----------+--------------+
Note: Pin directions (input, output or bidir) are based on device operating in user mode.


+--------------------------------------------------------------------------------------------------------------------------------------------------------------------------------------------------------------------------------------------------------------------------------------------------------------------------------------------------------------------------------+
; Fitter Resource Utilization by Entity                                                                                                                                                                                                                                                                                                                                          ;
+----------------------------+----------------------+----------------------------------+---------------------------------------------------+----------------------------------+----------------------+---------------------+---------------------------+---------------+-------------------+------------+------+--------------+---------------------+-------------+--------------+
; Compilation Hierarchy Node ; ALMs needed [=A-B+C] ; [A] ALMs used in final placement ; [B] Estimate of ALMs recoverable by dense packing ; [C] Estimate of ALMs unavailable ; ALMs used for memory ; Combinational ALUTs ; Dedicated Logic Registers ; I/O Registers ; Block Memory Bits ; DSP Blocks ; Pins ; Virtual Pins ; Full Hierarchy Name ; Entity Name ; Library Name ;
+----------------------------+----------------------+----------------------------------+---------------------------------------------------+----------------------------------+----------------------+---------------------+---------------------------+---------------+-------------------+------------+------+--------------+---------------------+-------------+--------------+
; |b16_output                ; 0.0 (0.0)            ; 0.0 (0.0)                        ; 0.0 (0.0)                                         ; 0.0 (0.0)                        ; 0.0 (0.0)            ; 0 (0)               ; 0 (0)                     ; 0 (0)         ; 0                 ; 0          ; 32   ; 0            ; |b16_output         ; b16_output  ; work         ;
+----------------------------+----------------------+----------------------------------+---------------------------------------------------+----------------------------------+----------------------+---------------------+---------------------------+---------------+-------------------+------------+------+--------------+---------------------+-------------+--------------+
Note: For table entries with two numbers listed, the numbers in parentheses indicate the number of resources of the given type used by the specific entity alone. The numbers listed outside of parentheses indicate the total resources of the given type used by the specific entity and all of its sub-entities in the hierarchy.


+--------------------------------------------------------------------------------------------------------------------+
; Delay Chain Summary                                                                                                ;
+-------+----------+----+------+------+----+----+-------+--------+------------------------+--------------------------+
; Name  ; Pin Type ; D1 ; D3_0 ; D3_1 ; D4 ; D5 ; D5 OE ; D5 OCT ; T11 (Postamble Gating) ; T11 (Postamble Ungating) ;
+-------+----------+----+------+------+----+----+-------+--------+------------------------+--------------------------+
; HEX25 ; Output   ; -- ; --   ; --   ; -- ; 0  ; 0     ; --     ; --                     ; --                       ;
; HEX21 ; Output   ; -- ; --   ; --   ; -- ; 0  ; 0     ; --     ; --                     ; --                       ;
; HEX24 ; Output   ; -- ; --   ; --   ; -- ; 0  ; 0     ; --     ; --                     ; --                       ;
; HEX2  ; Output   ; -- ; --   ; --   ; -- ; 0  ; 0     ; --     ; --                     ; --                       ;
; HEX23 ; Output   ; -- ; --   ; --   ; -- ; 0  ; 0     ; --     ; --                     ; --                       ;
; HEX26 ; Output   ; -- ; --   ; --   ; -- ; 0  ; 0     ; --     ; --                     ; --                       ;
; HEX20 ; Output   ; -- ; --   ; --   ; -- ; 0  ; 0     ; --     ; --                     ; --                       ;
; HEX03 ; Output   ; -- ; --   ; --   ; -- ; 0  ; 0     ; --     ; --                     ; --                       ;
; HEX06 ; Output   ; -- ; --   ; --   ; -- ; 0  ; 0     ; --     ; --                     ; --                       ;
; HEX00 ; Output   ; -- ; --   ; --   ; -- ; 0  ; 0     ; --     ; --                     ; --                       ;
; HEX02 ; Output   ; -- ; --   ; --   ; -- ; 0  ; 0     ; --     ; --                     ; --                       ;
; HEX04 ; Output   ; -- ; --   ; --   ; -- ; 0  ; 0     ; --     ; --                     ; --                       ;
; HEX01 ; Output   ; -- ; --   ; --   ; -- ; 0  ; 0     ; --     ; --                     ; --                       ;
; HEX05 ; Output   ; -- ; --   ; --   ; -- ; 0  ; 0     ; --     ; --                     ; --                       ;
; LEDR1 ; Output   ; -- ; --   ; --   ; -- ; 0  ; 0     ; --     ; --                     ; --                       ;
; LEDR2 ; Output   ; -- ; --   ; --   ; -- ; 0  ; 0     ; --     ; --                     ; --                       ;
; b[15] ; Input    ; -- ; 0    ; --   ; -- ; -- ; --    ; --     ; --                     ; --                       ;
; b[14] ; Input    ; -- ; 0    ; --   ; -- ; -- ; --    ; --     ; --                     ; --                       ;
; b[13] ; Input    ; -- ; 0    ; --   ; -- ; -- ; --    ; --     ; --                     ; --                       ;
; b[12] ; Input    ; -- ; 0    ; --   ; -- ; -- ; --    ; --     ; --                     ; --                       ;
; b[9]  ; Input    ; -- ; 0    ; --   ; -- ; -- ; --    ; --     ; --                     ; --                       ;
; b[10] ; Input    ; -- ; 0    ; --   ; -- ; -- ; --    ; --     ; --                     ; --                       ;
; b[11] ; Input    ; -- ; 0    ; --   ; -- ; -- ; --    ; --     ; --                     ; --                       ;
; b[1]  ; Input    ; -- ; 0    ; --   ; -- ; -- ; --    ; --     ; --                     ; --                       ;
; b[2]  ; Input    ; -- ; 0    ; --   ; -- ; -- ; --    ; --     ; --                     ; --                       ;
; b[3]  ; Input    ; -- ; 0    ; --   ; -- ; -- ; --    ; --     ; --                     ; --                       ;
; b[4]  ; Input    ; -- ; 0    ; --   ; -- ; -- ; --    ; --     ; --                     ; --                       ;
; b[5]  ; Input    ; -- ; 0    ; --   ; -- ; -- ; --    ; --     ; --                     ; --                       ;
; b[6]  ; Input    ; -- ; 0    ; --   ; -- ; -- ; --    ; --     ; --                     ; --                       ;
; b[7]  ; Input    ; -- ; 0    ; --   ; -- ; -- ; --    ; --     ; --                     ; --                       ;
; b[0]  ; Input    ; -- ; 0    ; --   ; -- ; -- ; --    ; --     ; --                     ; --                       ;
; b[8]  ; Input    ; -- ; 0    ; --   ; -- ; -- ; --    ; --     ; --                     ; --                       ;
+-------+----------+----+------+------+----+----+-------+--------+------------------------+--------------------------+


+---------------------------------------------------+
; Pad To Core Delay Chain Fanout                    ;
+---------------------+-------------------+---------+
; Source Pin / Fanout ; Pad To Core Index ; Setting ;
+---------------------+-------------------+---------+
; b[15]               ;                   ;         ;
; b[14]               ;                   ;         ;
; b[13]               ;                   ;         ;
; b[12]               ;                   ;         ;
; b[9]                ;                   ;         ;
; b[10]               ;                   ;         ;
; b[11]               ;                   ;         ;
; b[1]                ;                   ;         ;
; b[2]                ;                   ;         ;
; b[3]                ;                   ;         ;
; b[4]                ;                   ;         ;
; b[5]                ;                   ;         ;
; b[6]                ;                   ;         ;
; b[7]                ;                   ;         ;
; b[0]                ;                   ;         ;
; b[8]                ;                   ;         ;
+---------------------+-------------------+---------+


+------------------------------------------------------------------------------------------------+
; Fitter Device Options                                                                          ;
+------------------------------------------------------------------+-----------------------------+
; Option                                                           ; Setting                     ;
+------------------------------------------------------------------+-----------------------------+
; Enable user-supplied start-up clock (CLKUSR)                     ; Off                         ;
; Enable device-wide reset (DEV_CLRn)                              ; Off                         ;
; Enable device-wide output enable (DEV_OE)                        ; Off                         ;
; Enable INIT_DONE output                                          ; Off                         ;
; Configuration scheme                                             ; Passive Serial              ;
; Enable Error Detection CRC_ERROR pin                             ; Off                         ;
; Enable CvP_CONFDONE pin                                          ; Off                         ;
; Enable open drain on CRC_ERROR pin                               ; On                          ;
; Enable open drain on CvP_CONFDONE pin                            ; On                          ;
; Enable open drain on INIT_DONE pin                               ; On                          ;
; Enable open drain on Partial Reconfiguration pins                ; Off                         ;
; Enable open drain on nCEO pin                                    ; On                          ;
; Enable Partial Reconfiguration pins                              ; Off                         ;
; Enable input tri-state on active configuration pins in user mode ; Off                         ;
; Enable internal scrubbing                                        ; Off                         ;
; Active Serial clock source                                       ; 100 MHz Internal Oscillator ;
; Device initialization clock source                               ; Internal Oscillator         ;
; Configuration via Protocol                                       ; Off                         ;
; Configuration Voltage Level                                      ; Auto                        ;
; Force Configuration Voltage Level                                ; Off                         ;
; Enable nCEO output                                               ; Off                         ;
; Data[15..8]                                                      ; Unreserved                  ;
; Data[7..5]                                                       ; Unreserved                  ;
; Base pin-out file on sameframe device                            ; Off                         ;
+------------------------------------------------------------------+-----------------------------+


+------------------------------------+
; Operating Settings and Conditions  ;
+---------------------------+--------+
; Setting                   ; Value  ;
+---------------------------+--------+
; Nominal Core Voltage      ; 1.10 V ;
; Low Junction Temperature  ; -40 C ;
; High Junction Temperature ; 125 C ;
+---------------------------+--------+


+-----------------+
; Fitter Messages ;
+-----------------+
Warning (18236): Number of processors has not been specified which may cause overloading on shared machines.  Set the global assignment NUM_PARALLEL_PROCESSORS in your QSF to an appropriate value for best performance.
Info (20030): Parallel compilation is enabled and will use 8 of the 8 processors detected
Info (119006): Selected device 5CEBA2F17A7 for design "b16_output"
Info (21077): Low junction temperature is -40 degrees C
Info (21077): High junction temperature is 125 degrees C
Info (171003): Fitter is performing an Auto Fit compilation, which may decrease Fitter effort to reduce compilation time
Warning (292013): Feature LogicLock is only available with a valid subscription license. You can purchase a software subscription to gain full access to this feature.
Error (171016): Can't place node "HEX25" -- illegal location assignment PIN_AB22
Error (171016): Can't place node "HEX21" -- illegal location assignment PIN_AB17
Error (171016): Can't place node "HEX24" -- illegal location assignment PIN_V14
Error (171016): Can't place node "HEX23" -- illegal location assignment PIN_Y14
Error (171016): Can't place node "HEX26" -- illegal location assignment PIN_AB21
Error (171016): Can't place node "HEX20" -- illegal location assignment PIN_Y19
Error (171016): Can't place node "HEX03" -- illegal location assignment PIN_W21
Error (171016): Can't place node "HEX06" -- illegal location assignment PIN_AA20
Error (171016): Can't place node "HEX00" -- illegal location assignment PIN_U21
Error (171016): Can't place node "HEX02" -- illegal location assignment PIN_W22
Error (171016): Can't place node "HEX04" -- illegal location assignment PIN_Y21
Error (171016): Can't place node "HEX01" -- illegal location assignment PIN_V21
Error (171016): Can't place node "HEX05" -- illegal location assignment PIN_AA22
Error (171016): Can't place node "LEDR1" -- illegal location assignment PIN_AA1
Error (171016): Can't place node "LEDR2" -- illegal location assignment PIN_W2
Info (11798): Fitter preparation operations ending: elapsed time is 00:00:00
Warning (171167): Found invalid Fitter assignments. See the Ignored Assignments panel in the Fitter Compilation Report for more information.
Error (11802): Can't fit design in device. Modify your design to reduce resources, or choose a larger device. The Intel FPGA Knowledge Database contains many articles with specific details on how to resolve this error. Visit the Knowledge Database at https://www.altera.com/support/support-resources/knowledge-base/search.html and search for this specific error message number.
Error: Quartus Prime Fitter was unsuccessful. 16 errors, 3 warnings
    Error: Peak virtual memory: 4936 megabytes
    Error: Processing ended: Thu Jun 09 22:27:42 2022
    Error: Elapsed time: 00:00:03
    Error: Total CPU time (on all processors): 00:00:04


