Flow report for alu_logic
Sat Jun 04 21:32:00 2022
Quartus Prime Version 18.1.0 Build 625 09/12/2018 SJ Lite Edition


---------------------
; Table of Contents ;
---------------------
  1. Legal Notice
  2. Flow Summary
  3. Flow Settings
  4. Flow Non-Default Global Settings
  5. Flow Elapsed Time
  6. Flow OS Summary
  7. Flow Log
  8. Flow Messages
  9. Flow Suppressed Messages



----------------
; Legal Notice ;
----------------
Copyright (C) 2018  Intel Corporation. All rights reserved.
Your use of Intel Corporation's design tools, logic functions 
and other software and tools, and its AMPP partner logic 
functions, and any output files from any of the foregoing 
(including device programming or simulation files), and any 
associated documentation or information are expressly subject 
to the terms and conditions of the Intel Program License 
Subscription Agreement, the Intel Quartus Prime License Agreement,
the Intel FPGA IP License Agreement, or other applicable license
agreement, including, without limitation, that your use is for
the sole purpose of programming logic devices manufactured by
Intel and sold by Intel or its authorized distributors.  Please
refer to the applicable agreement for further details.



+-------------------------------------------------------------------------------+
; Flow Summary                                                                  ;
+---------------------------------+---------------------------------------------+
; Flow Status                     ; Successful - Sat Jun 04 21:32:00 2022       ;
; Quartus Prime Version           ; 18.1.0 Build 625 09/12/2018 SJ Lite Edition ;
; Revision Name                   ; alu_logic                                   ;
; Top-level Entity Name           ; alu_logic                                   ;
; Family                          ; Cyclone V                                   ;
; Device                          ; 5CEBA2F17A7                                 ;
; Timing Models                   ; Final                                       ;
; Logic utilization (in ALMs)     ; 17 / 9,430 ( < 1 % )                        ;
; Total registers                 ; 0                                           ;
; Total pins                      ; 96 / 128 ( 75 % )                           ;
; Total virtual pins              ; 0                                           ;
; Total block memory bits         ; 0 / 1,802,240 ( 0 % )                       ;
; Total DSP Blocks                ; 0 / 25 ( 0 % )                              ;
; Total HSSI RX PCSs              ; 0                                           ;
; Total HSSI PMA RX Deserializers ; 0                                           ;
; Total HSSI TX PCSs              ; 0                                           ;
; Total HSSI PMA TX Serializers   ; 0                                           ;
; Total PLLs                      ; 0 / 4 ( 0 % )                               ;
; Total DLLs                      ; 0 / 4 ( 0 % )                               ;
+---------------------------------+---------------------------------------------+


+-----------------------------------------+
; Flow Settings                           ;
+-------------------+---------------------+
; Option            ; Setting             ;
+-------------------+---------------------+
; Start date & time ; 06/04/2022 19:32:50 ;
; Main task         ; Compilation         ;
; Revision Name     ; alu_logic           ;
+-------------------+---------------------+


+-------------------------------------------------------------------------------------------------------------------------+
; Flow Non-Default Global Settings                                                                                        ;
+-------------------------------------+----------------------------------------+---------------+-------------+------------+
; Assignment Name                     ; Value                                  ; Default Value ; Entity Name ; Section Id ;
+-------------------------------------+----------------------------------------+---------------+-------------+------------+
; COMPILER_SIGNATURE_ID               ; 20184960790213.165439277025500         ; --            ; --          ; --         ;
; MAX_CORE_JUNCTION_TEMP              ; 125                                    ; --            ; --          ; --         ;
; MIN_CORE_JUNCTION_TEMP              ; -40                                    ; --            ; --          ; --         ;
; PARTITION_COLOR                     ; -- (Not supported for targeted family) ; --            ; --          ; Top        ;
; PARTITION_FITTER_PRESERVATION_LEVEL ; -- (Not supported for targeted family) ; --            ; --          ; Top        ;
; PARTITION_NETLIST_TYPE              ; -- (Not supported for targeted family) ; --            ; --          ; Top        ;
; PROJECT_OUTPUT_DIRECTORY            ; output_files                           ; --            ; --          ; --         ;
+-------------------------------------+----------------------------------------+---------------+-------------+------------+


+--------------------------------------------------------------------------------------------------------------------------+
; Flow Elapsed Time                                                                                                        ;
+----------------------+--------------+-------------------------+---------------------+------------------------------------+
; Module Name          ; Elapsed Time ; Average Processors Used ; Peak Virtual Memory ; Total CPU Time (on all processors) ;
+----------------------+--------------+-------------------------+---------------------+------------------------------------+
; Analysis & Synthesis ; 00:00:19     ; 1.0                     ; 4836 MB             ; 00:00:39                           ;
; Fitter               ; 00:00:37     ; 1.0                     ; 6548 MB             ; 00:01:30                           ;
; Assembler            ; 00:00:06     ; 1.0                     ; 4805 MB             ; 00:00:06                           ;
; Timing Analyzer      ; 00:00:10     ; 1.1                     ; 5116 MB             ; 00:00:10                           ;
; EDA Netlist Writer   ; 00:00:02     ; 1.0                     ; 4689 MB             ; 00:00:02                           ;
; EDA Netlist Writer   ; 00:00:03     ; 1.0                     ; 4698 MB             ; 00:00:03                           ;
; EDA Netlist Writer   ; 00:00:03     ; 1.0                     ; 4689 MB             ; 00:00:03                           ;
; EDA Netlist Writer   ; 00:00:03     ; 1.0                     ; 4698 MB             ; 00:00:03                           ;
; EDA Netlist Writer   ; 00:00:03     ; 1.0                     ; 4689 MB             ; 00:00:03                           ;
; EDA Netlist Writer   ; 00:00:03     ; 1.0                     ; 4698 MB             ; 00:00:03                           ;
; Total                ; 00:01:29     ; --                      ; --                  ; 00:02:42                           ;
+----------------------+--------------+-------------------------+---------------------+------------------------------------+


+------------------------------------------------------------------------------------+
; Flow OS Summary                                                                    ;
+----------------------+------------------+------------+------------+----------------+
; Module Name          ; Machine Hostname ; OS Name    ; OS Version ; Processor type ;
+----------------------+------------------+------------+------------+----------------+
; Analysis & Synthesis ; DESKTOP-CK0I5JM  ; Windows 10 ; 10.0       ; x86_64         ;
; Fitter               ; DESKTOP-CK0I5JM  ; Windows 10 ; 10.0       ; x86_64         ;
; Assembler            ; DESKTOP-CK0I5JM  ; Windows 10 ; 10.0       ; x86_64         ;
; Timing Analyzer      ; DESKTOP-CK0I5JM  ; Windows 10 ; 10.0       ; x86_64         ;
; EDA Netlist Writer   ; DESKTOP-CK0I5JM  ; Windows 10 ; 10.0       ; x86_64         ;
; EDA Netlist Writer   ; DESKTOP-CK0I5JM  ; Windows 10 ; 10.0       ; x86_64         ;
; EDA Netlist Writer   ; DESKTOP-CK0I5JM  ; Windows 10 ; 10.0       ; x86_64         ;
; EDA Netlist Writer   ; DESKTOP-CK0I5JM  ; Windows 10 ; 10.0       ; x86_64         ;
; EDA Netlist Writer   ; DESKTOP-CK0I5JM  ; Windows 10 ; 10.0       ; x86_64         ;
; EDA Netlist Writer   ; DESKTOP-CK0I5JM  ; Windows 10 ; 10.0       ; x86_64         ;
+----------------------+------------------+------------+------------+----------------+


------------
; Flow Log ;
------------
quartus_map --read_settings_files=on --write_settings_files=off alu_logic -c alu_logic
quartus_fit --read_settings_files=off --write_settings_files=off alu_logic -c alu_logic
quartus_asm --read_settings_files=off --write_settings_files=off alu_logic -c alu_logic
quartus_sta alu_logic -c alu_logic
quartus_eda --gen_testbench --tool=modelsim_oem --format=verilog --write_settings_files=off alu_logic -c alu_logic --vector_source="C:/Users/inksd/Desktop/const desktop files- do not remove/16 bit computer/Fpga implementation/alu/Waveform2.vwf" --testbench_file="C:/Users/inksd/Desktop/const desktop files- do not remove/16 bit computer/Fpga implementation/alu/simulation/qsim/Waveform2.vwf.vt"
quartus_eda --write_settings_files=off --simulation=on --functional=on --flatten_buses=off --tool=modelsim_oem --format=verilog --output_directory="C:/Users/inksd/Desktop/const desktop files- do not remove/16 bit computer/Fpga implementation/alu/simulation/qsim/" alu_logic -c alu_logic
quartus_eda --gen_testbench --tool=modelsim_oem --format=verilog --write_settings_files=off alu_logic -c alu_logic --vector_source="C:/Users/inksd/Desktop/const desktop files- do not remove/16 bit computer/Fpga implementation/alu/Waveform2.vwf" --testbench_file="C:/Users/inksd/Desktop/const desktop files- do not remove/16 bit computer/Fpga implementation/alu/simulation/qsim/Waveform2.vwf.vt"
quartus_eda --write_settings_files=off --simulation=on --functional=on --flatten_buses=off --tool=modelsim_oem --format=verilog --output_directory="C:/Users/inksd/Desktop/const desktop files- do not remove/16 bit computer/Fpga implementation/alu/simulation/qsim/" alu_logic -c alu_logic
quartus_eda --gen_testbench --tool=modelsim_oem --format=verilog --write_settings_files=off alu_logic -c alu_logic --vector_source="C:/Users/inksd/Desktop/const desktop files- do not remove/16 bit computer/Fpga implementation/alu/Waveform2.vwf" --testbench_file="C:/Users/inksd/Desktop/const desktop files- do not remove/16 bit computer/Fpga implementation/alu/simulation/qsim/Waveform2.vwf.vt"
quartus_eda --write_settings_files=off --simulation=on --functional=on --flatten_buses=off --tool=modelsim_oem --format=verilog --output_directory="C:/Users/inksd/Desktop/const desktop files- do not remove/16 bit computer/Fpga implementation/alu/simulation/qsim/" alu_logic -c alu_logic



